[2025-06-27T18:00:01.391+0000] {local_task_job_runner.py:120} INFO - ::group::Pre task execution logs
[2025-06-27T18:00:01.414+0000] {taskinstance.py:2073} INFO - Dependencies all met for dep_context=non-requeueable deps ti=<TaskInstance: tradingview_stock_gainers_hourly_scraper.scrape_and_save_data scheduled__2025-06-27T17:00:00+00:00 [queued]>
[2025-06-27T18:00:01.421+0000] {taskinstance.py:2073} INFO - Dependencies all met for dep_context=requeueable deps ti=<TaskInstance: tradingview_stock_gainers_hourly_scraper.scrape_and_save_data scheduled__2025-06-27T17:00:00+00:00 [queued]>
[2025-06-27T18:00:01.422+0000] {taskinstance.py:2303} INFO - Starting attempt 1 of 4
[2025-06-27T18:00:01.436+0000] {taskinstance.py:2327} INFO - Executing <Task(PythonOperator): scrape_and_save_data> on 2025-06-27 17:00:00+00:00
[2025-06-27T18:00:01.442+0000] {standard_task_runner.py:63} INFO - Started process 1300 to run task
[2025-06-27T18:00:01.444+0000] {standard_task_runner.py:90} INFO - Running: ['***', 'tasks', 'run', 'tradingview_stock_gainers_hourly_scraper', 'scrape_and_save_data', 'scheduled__2025-06-27T17:00:00+00:00', '--job-id', '48', '--raw', '--subdir', 'DAGS_FOLDER/tradingview_scraper_dag.py', '--cfg-path', '/tmp/tmpitf_sr5e']
[2025-06-27T18:00:01.448+0000] {standard_task_runner.py:91} INFO - Job 48: Subtask scrape_and_save_data
[2025-06-27T18:00:01.461+0000] {warnings.py:109} WARNING - /home/***/.local/lib/python3.10/site-packages/***/settings.py:195: DeprecationWarning: The sql_alchemy_conn option in [core] has been moved to the sql_alchemy_conn option in [database] - the old setting has been used, but please update your config.
  SQL_ALCHEMY_CONN = conf.get("database", "SQL_ALCHEMY_CONN")

[2025-06-27T18:00:01.499+0000] {task_command.py:426} INFO - Running <TaskInstance: tradingview_stock_gainers_hourly_scraper.scrape_and_save_data scheduled__2025-06-27T17:00:00+00:00 [running]> on host ce384e780395
[2025-06-27T18:00:01.595+0000] {taskinstance.py:2644} INFO - Exporting env vars: AIRFLOW_CTX_DAG_OWNER='***' AIRFLOW_CTX_DAG_ID='tradingview_stock_gainers_hourly_scraper' AIRFLOW_CTX_TASK_ID='scrape_and_save_data' AIRFLOW_CTX_EXECUTION_DATE='2025-06-27T17:00:00+00:00' AIRFLOW_CTX_TRY_NUMBER='1' AIRFLOW_CTX_DAG_RUN_ID='scheduled__2025-06-27T17:00:00+00:00'
[2025-06-27T18:00:01.596+0000] {taskinstance.py:430} INFO - ::endgroup::
[2025-06-27T18:00:01.611+0000] {logging_mixin.py:188} INFO - 스크래핑 및 데이터 저장 작업을 시작합니다...
[2025-06-27T18:00:01.614+0000] {logging_mixin.py:188} INFO - PostgreSQL 연결 성공!
[2025-06-27T18:00:01.615+0000] {logging_mixin.py:188} INFO - 테이블 존재 여부 확인 및 생성 완료.
[2025-06-27T18:00:01.901+0000] {logging_mixin.py:188} INFO - Selenium Chrome 드라이버 초기화 성공 (Headless 모드).
[2025-06-27T18:00:03.939+0000] {logging_mixin.py:188} INFO - URL 접속: https://kr.tradingview.com/markets/stocks-usa/market-movers-gainers/
[2025-06-27T18:00:16.539+0000] {logging_mixin.py:188} INFO - 페이지 소스 파싱 완료.
[2025-06-27T18:00:16.560+0000] {logging_mixin.py:188} INFO - [저장 준비] Symbol: BGL, Name: BGL − Perception Capital Corp. IV, Change: 215.27%
[2025-06-27T18:00:16.560+0000] {logging_mixin.py:188} INFO - [저장 준비] Symbol: LCFY, Name: LCFY − Locafy Limited, Change: 200.78%
[2025-06-27T18:00:16.561+0000] {logging_mixin.py:188} INFO - [저장 준비] Symbol: RCT, Name: RCT − RedCloud Holdings plc, Change: 149.05%
[2025-06-27T18:00:16.562+0000] {logging_mixin.py:188} INFO - [저장 준비] Symbol: WFF, Name: WFF − WF Holding Limited, Change: 90.96%
[2025-06-27T18:00:16.562+0000] {logging_mixin.py:188} INFO - [저장 준비] Symbol: CTOR, Name: CTOR − Citius Oncology, Inc., Change: 58.57%
[2025-06-27T18:00:16.564+0000] {logging_mixin.py:188} INFO - 모든 데이터 저장 완료 및 커밋 성공!
[2025-06-27T18:00:16.636+0000] {logging_mixin.py:188} INFO - Selenium 드라이버 종료.
[2025-06-27T18:00:16.637+0000] {logging_mixin.py:188} INFO - PostgreSQL 커서 닫기.
[2025-06-27T18:00:16.637+0000] {logging_mixin.py:188} INFO - PostgreSQL 연결 닫기.
[2025-06-27T18:00:16.638+0000] {python.py:237} INFO - Done. Returned value was: None
[2025-06-27T18:00:16.638+0000] {taskinstance.py:441} INFO - ::group::Post task execution logs
[2025-06-27T18:00:16.649+0000] {taskinstance.py:1205} INFO - Marking task as SUCCESS. dag_id=tradingview_stock_gainers_hourly_scraper, task_id=scrape_and_save_data, execution_date=20250627T170000, start_date=20250627T180001, end_date=20250627T180016
[2025-06-27T18:00:16.698+0000] {local_task_job_runner.py:240} INFO - Task exited with return code 0
[2025-06-27T18:00:16.710+0000] {taskinstance.py:3482} INFO - 0 downstream tasks scheduled from follow-on schedule check
[2025-06-27T18:00:16.713+0000] {local_task_job_runner.py:222} INFO - ::endgroup::
