[2025-06-27T18:25:31.368+0000] {local_task_job_runner.py:120} INFO - ::group::Pre task execution logs
[2025-06-27T18:25:31.386+0000] {taskinstance.py:2073} INFO - Dependencies all met for dep_context=non-requeueable deps ti=<TaskInstance: tradingview_stock_gainers_hourly_scraper.scrape_and_save_data manual__2025-06-27T18:25:29.986441+00:00 [queued]>
[2025-06-27T18:25:31.392+0000] {taskinstance.py:2073} INFO - Dependencies all met for dep_context=requeueable deps ti=<TaskInstance: tradingview_stock_gainers_hourly_scraper.scrape_and_save_data manual__2025-06-27T18:25:29.986441+00:00 [queued]>
[2025-06-27T18:25:31.393+0000] {taskinstance.py:2303} INFO - Starting attempt 1 of 4
[2025-06-27T18:25:31.402+0000] {taskinstance.py:2327} INFO - Executing <Task(PythonOperator): scrape_and_save_data> on 2025-06-27 18:25:29.986441+00:00
[2025-06-27T18:25:31.406+0000] {standard_task_runner.py:63} INFO - Started process 79 to run task
[2025-06-27T18:25:31.409+0000] {standard_task_runner.py:90} INFO - Running: ['***', 'tasks', 'run', 'tradingview_stock_gainers_hourly_scraper', 'scrape_and_save_data', 'manual__2025-06-27T18:25:29.986441+00:00', '--job-id', '63', '--raw', '--subdir', 'DAGS_FOLDER/tradingview_scraper_dag.py', '--cfg-path', '/tmp/tmpn4pxic6w']
[2025-06-27T18:25:31.412+0000] {standard_task_runner.py:91} INFO - Job 63: Subtask scrape_and_save_data
[2025-06-27T18:25:31.425+0000] {warnings.py:109} WARNING - /home/***/.local/lib/python3.10/site-packages/***/settings.py:195: DeprecationWarning: The sql_alchemy_conn option in [core] has been moved to the sql_alchemy_conn option in [database] - the old setting has been used, but please update your config.
  SQL_ALCHEMY_CONN = conf.get("database", "SQL_ALCHEMY_CONN")

[2025-06-27T18:25:31.457+0000] {task_command.py:426} INFO - Running <TaskInstance: tradingview_stock_gainers_hourly_scraper.scrape_and_save_data manual__2025-06-27T18:25:29.986441+00:00 [running]> on host 5bfd1a04bd93
[2025-06-27T18:25:31.679+0000] {taskinstance.py:2644} INFO - Exporting env vars: AIRFLOW_CTX_DAG_OWNER='***' AIRFLOW_CTX_DAG_ID='tradingview_stock_gainers_hourly_scraper' AIRFLOW_CTX_TASK_ID='scrape_and_save_data' AIRFLOW_CTX_EXECUTION_DATE='2025-06-27T18:25:29.986441+00:00' AIRFLOW_CTX_TRY_NUMBER='1' AIRFLOW_CTX_DAG_RUN_ID='manual__2025-06-27T18:25:29.986441+00:00'
[2025-06-27T18:25:31.680+0000] {taskinstance.py:430} INFO - ::endgroup::
[2025-06-27T18:25:31.708+0000] {logging_mixin.py:188} INFO - 스크래핑 및 데이터 저장 작업을 시작합니다...
[2025-06-27T18:25:31.712+0000] {logging_mixin.py:188} INFO - PostgreSQL 연결 성공!
[2025-06-27T18:25:31.716+0000] {logging_mixin.py:188} INFO - 테이블 존재 여부 확인 및 생성 완료.
[2025-06-27T18:25:32.870+0000] {logging_mixin.py:188} INFO - Selenium Chrome 드라이버 초기화 성공 (Headless 모드).
[2025-06-27T18:25:35.383+0000] {logging_mixin.py:188} INFO - URL 접속: https://kr.tradingview.com/markets/stocks-usa/market-movers-gainers/
[2025-06-27T18:25:45.682+0000] {logging_mixin.py:188} INFO - 페이지 소스 파싱 완료.
[2025-06-27T18:25:45.713+0000] {logging_mixin.py:188} INFO - [저장 준비] Symbol: BGL, Name: BGL − Perception Capital Corp. IV, Change: 246.99%
[2025-06-27T18:25:45.715+0000] {logging_mixin.py:188} INFO - [저장 준비] Symbol: LCFY, Name: LCFY − Locafy Limited, Change: 203.53%
[2025-06-27T18:25:45.715+0000] {logging_mixin.py:188} INFO - [저장 준비] Symbol: RCT, Name: RCT − RedCloud Holdings plc, Change: 162.22%
[2025-06-27T18:25:45.716+0000] {logging_mixin.py:188} INFO - [저장 준비] Symbol: EYEN, Name: EYEN − Eyenovia, Inc., Change: 50.82%
[2025-06-27T18:25:45.717+0000] {logging_mixin.py:188} INFO - [저장 준비] Symbol: SOND, Name: SOND − Sonder Holdings Inc., Change: 47.61%
[2025-06-27T18:25:45.718+0000] {logging_mixin.py:188} INFO - 모든 데이터 저장 완료 및 커밋 성공!
[2025-06-27T18:25:45.790+0000] {logging_mixin.py:188} INFO - Selenium 드라이버 종료.
[2025-06-27T18:25:45.791+0000] {logging_mixin.py:188} INFO - PostgreSQL 커서 닫기.
[2025-06-27T18:25:45.792+0000] {logging_mixin.py:188} INFO - PostgreSQL 연결 닫기.
[2025-06-27T18:25:45.792+0000] {python.py:237} INFO - Done. Returned value was: None
[2025-06-27T18:25:45.793+0000] {taskinstance.py:441} INFO - ::group::Post task execution logs
[2025-06-27T18:25:45.801+0000] {taskinstance.py:1205} INFO - Marking task as SUCCESS. dag_id=tradingview_stock_gainers_hourly_scraper, task_id=scrape_and_save_data, execution_date=20250627T182529, start_date=20250627T182531, end_date=20250627T182545
[2025-06-27T18:25:45.841+0000] {local_task_job_runner.py:240} INFO - Task exited with return code 0
[2025-06-27T18:25:45.854+0000] {taskinstance.py:3482} INFO - 0 downstream tasks scheduled from follow-on schedule check
[2025-06-27T18:25:45.856+0000] {local_task_job_runner.py:222} INFO - ::endgroup::
