[2025-09-01T06:23:43.366+0000] {local_task_job_runner.py:120} INFO - ::group::Pre task execution logs
[2025-09-01T06:23:43.405+0000] {taskinstance.py:2073} INFO - Dependencies all met for dep_context=non-requeueable deps ti=<TaskInstance: tradingview_stock_gainers_hourly_scraper.scrape_and_save_data manual__2025-09-01T06:23:41.060705+00:00 [queued]>
[2025-09-01T06:23:43.422+0000] {taskinstance.py:2073} INFO - Dependencies all met for dep_context=requeueable deps ti=<TaskInstance: tradingview_stock_gainers_hourly_scraper.scrape_and_save_data manual__2025-09-01T06:23:41.060705+00:00 [queued]>
[2025-09-01T06:23:43.423+0000] {taskinstance.py:2303} INFO - Starting attempt 1 of 4
[2025-09-01T06:23:43.446+0000] {taskinstance.py:2327} INFO - Executing <Task(PythonOperator): scrape_and_save_data> on 2025-09-01 06:23:41.060705+00:00
[2025-09-01T06:23:43.457+0000] {standard_task_runner.py:63} INFO - Started process 78 to run task
[2025-09-01T06:23:43.467+0000] {standard_task_runner.py:90} INFO - Running: ['***', 'tasks', 'run', 'tradingview_stock_gainers_hourly_scraper', 'scrape_and_save_data', 'manual__2025-09-01T06:23:41.060705+00:00', '--job-id', '152', '--raw', '--subdir', 'DAGS_FOLDER/tradingview_scraper_dag.py', '--cfg-path', '/tmp/tmpl_3s318_']
[2025-09-01T06:23:43.473+0000] {standard_task_runner.py:91} INFO - Job 152: Subtask scrape_and_save_data
[2025-09-01T06:23:43.505+0000] {warnings.py:109} WARNING - /home/***/.local/lib/python3.10/site-packages/***/settings.py:195: DeprecationWarning: The sql_alchemy_conn option in [core] has been moved to the sql_alchemy_conn option in [database] - the old setting has been used, but please update your config.
  SQL_ALCHEMY_CONN = conf.get("database", "SQL_ALCHEMY_CONN")

[2025-09-01T06:23:43.564+0000] {task_command.py:426} INFO - Running <TaskInstance: tradingview_stock_gainers_hourly_scraper.scrape_and_save_data manual__2025-09-01T06:23:41.060705+00:00 [running]> on host 587fd9f597ce
[2025-09-01T06:23:43.687+0000] {taskinstance.py:2644} INFO - Exporting env vars: AIRFLOW_CTX_DAG_OWNER='***' AIRFLOW_CTX_DAG_ID='tradingview_stock_gainers_hourly_scraper' AIRFLOW_CTX_TASK_ID='scrape_and_save_data' AIRFLOW_CTX_EXECUTION_DATE='2025-09-01T06:23:41.060705+00:00' AIRFLOW_CTX_TRY_NUMBER='1' AIRFLOW_CTX_DAG_RUN_ID='manual__2025-09-01T06:23:41.060705+00:00'
[2025-09-01T06:23:43.689+0000] {taskinstance.py:430} INFO - ::endgroup::
[2025-09-01T06:23:43.711+0000] {logging_mixin.py:188} INFO - 스크래핑 및 데이터 저장 작업을 시작합니다...
[2025-09-01T06:23:43.718+0000] {logging_mixin.py:188} INFO - PostgreSQL 연결 성공!
[2025-09-01T06:23:43.720+0000] {logging_mixin.py:188} INFO - 테이블 존재 여부 확인 및 생성 완료.
[2025-09-01T06:23:44.325+0000] {logging_mixin.py:188} INFO - Selenium Chrome 드라이버 초기화 성공 (Headless 모드).
[2025-09-01T06:23:49.998+0000] {logging_mixin.py:188} INFO - URL 접속: https://kr.tradingview.com/markets/stocks-usa/market-movers-gainers/
[2025-09-01T06:24:00.896+0000] {logging_mixin.py:188} INFO - 페이지 소스 파싱 완료.
[2025-09-01T06:24:00.946+0000] {logging_mixin.py:188} INFO - [저장 준비] Symbol: IPDN, Name: IPDN − Professional Diversity Network, Inc., Change: 246.63%
[2025-09-01T06:24:00.948+0000] {logging_mixin.py:188} INFO - [저장 준비] Symbol: DUO, Name: DUO − Fangdd Network Group Ltd., Change: 53.21%
[2025-09-01T06:24:00.950+0000] {logging_mixin.py:188} INFO - [저장 준비] Symbol: NUKK, Name: NUKK − Nukkleus Inc., Change: 31.98%
[2025-09-01T06:24:00.952+0000] {logging_mixin.py:188} INFO - [저장 준비] Symbol: VIVS, Name: VIVS − VivoSim Labs, Inc., Change: 30.48%
[2025-09-01T06:24:00.954+0000] {logging_mixin.py:188} INFO - [저장 준비] Symbol: GVH, Name: GVH − Globavend Holdings Limited - Ord Shares, Change: 28.99%
[2025-09-01T06:24:00.957+0000] {logging_mixin.py:188} INFO - 모든 데이터 저장 완료 및 커밋 성공!
[2025-09-01T06:24:01.040+0000] {logging_mixin.py:188} INFO - Selenium 드라이버 종료.
[2025-09-01T06:24:01.042+0000] {logging_mixin.py:188} INFO - PostgreSQL 커서 닫기.
[2025-09-01T06:24:01.043+0000] {logging_mixin.py:188} INFO - PostgreSQL 연결 닫기.
[2025-09-01T06:24:01.044+0000] {python.py:237} INFO - Done. Returned value was: None
[2025-09-01T06:24:01.046+0000] {taskinstance.py:441} INFO - ::group::Post task execution logs
[2025-09-01T06:24:01.062+0000] {taskinstance.py:1205} INFO - Marking task as SUCCESS. dag_id=tradingview_stock_gainers_hourly_scraper, task_id=scrape_and_save_data, execution_date=20250901T062341, start_date=20250901T062343, end_date=20250901T062401
[2025-09-01T06:24:01.109+0000] {local_task_job_runner.py:240} INFO - Task exited with return code 0
[2025-09-01T06:24:01.127+0000] {taskinstance.py:3482} INFO - 0 downstream tasks scheduled from follow-on schedule check
[2025-09-01T06:24:01.131+0000] {local_task_job_runner.py:222} INFO - ::endgroup::
