[2025-06-27T18:19:28.224+0000] {local_task_job_runner.py:120} INFO - ::group::Pre task execution logs
[2025-06-27T18:19:28.259+0000] {taskinstance.py:2073} INFO - Dependencies all met for dep_context=non-requeueable deps ti=<TaskInstance: tradingview_stock_gainers_hourly_scraper.scrape_and_save_data manual__2025-06-27T18:19:26.716004+00:00 [queued]>
[2025-06-27T18:19:28.270+0000] {taskinstance.py:2073} INFO - Dependencies all met for dep_context=requeueable deps ti=<TaskInstance: tradingview_stock_gainers_hourly_scraper.scrape_and_save_data manual__2025-06-27T18:19:26.716004+00:00 [queued]>
[2025-06-27T18:19:28.271+0000] {taskinstance.py:2303} INFO - Starting attempt 1 of 4
[2025-06-27T18:19:28.290+0000] {taskinstance.py:2327} INFO - Executing <Task(PythonOperator): scrape_and_save_data> on 2025-06-27 18:19:26.716004+00:00
[2025-06-27T18:19:28.298+0000] {standard_task_runner.py:63} INFO - Started process 3258 to run task
[2025-06-27T18:19:28.304+0000] {standard_task_runner.py:90} INFO - Running: ['***', 'tasks', 'run', 'tradingview_stock_gainers_hourly_scraper', 'scrape_and_save_data', 'manual__2025-06-27T18:19:26.716004+00:00', '--job-id', '56', '--raw', '--subdir', 'DAGS_FOLDER/tradingview_scraper_dag.py', '--cfg-path', '/tmp/tmpvb688wnx']
[2025-06-27T18:19:28.309+0000] {standard_task_runner.py:91} INFO - Job 56: Subtask scrape_and_save_data
[2025-06-27T18:19:28.331+0000] {warnings.py:109} WARNING - /home/***/.local/lib/python3.10/site-packages/***/settings.py:195: DeprecationWarning: The sql_alchemy_conn option in [core] has been moved to the sql_alchemy_conn option in [database] - the old setting has been used, but please update your config.
  SQL_ALCHEMY_CONN = conf.get("database", "SQL_ALCHEMY_CONN")

[2025-06-27T18:19:28.390+0000] {task_command.py:426} INFO - Running <TaskInstance: tradingview_stock_gainers_hourly_scraper.scrape_and_save_data manual__2025-06-27T18:19:26.716004+00:00 [running]> on host ce384e780395
[2025-06-27T18:19:28.519+0000] {taskinstance.py:2644} INFO - Exporting env vars: AIRFLOW_CTX_DAG_OWNER='***' AIRFLOW_CTX_DAG_ID='tradingview_stock_gainers_hourly_scraper' AIRFLOW_CTX_TASK_ID='scrape_and_save_data' AIRFLOW_CTX_EXECUTION_DATE='2025-06-27T18:19:26.716004+00:00' AIRFLOW_CTX_TRY_NUMBER='1' AIRFLOW_CTX_DAG_RUN_ID='manual__2025-06-27T18:19:26.716004+00:00'
[2025-06-27T18:19:28.521+0000] {taskinstance.py:430} INFO - ::endgroup::
[2025-06-27T18:19:28.541+0000] {logging_mixin.py:188} INFO - 스크래핑 및 데이터 저장 작업을 시작합니다...
[2025-06-27T18:19:28.547+0000] {logging_mixin.py:188} INFO - PostgreSQL 연결 성공!
[2025-06-27T18:19:28.548+0000] {logging_mixin.py:188} INFO - 테이블 존재 여부 확인 및 생성 완료.
[2025-06-27T18:19:31.392+0000] {logging_mixin.py:188} INFO - Selenium Chrome 드라이버 초기화 성공 (Headless 모드).
[2025-06-27T18:19:33.771+0000] {logging_mixin.py:188} INFO - URL 접속: https://kr.tradingview.com/markets/stocks-usa/market-movers-gainers/
[2025-06-27T18:19:44.161+0000] {logging_mixin.py:188} INFO - 페이지 소스 파싱 완료.
[2025-06-27T18:19:44.185+0000] {logging_mixin.py:188} INFO - [저장 준비] Symbol: BGL, Name: BGL − Perception Capital Corp. IV, Change: 246.99%
[2025-06-27T18:19:44.186+0000] {logging_mixin.py:188} INFO - [저장 준비] Symbol: LCFY, Name: LCFY − Locafy Limited, Change: 201.96%
[2025-06-27T18:19:44.187+0000] {logging_mixin.py:188} INFO - [저장 준비] Symbol: RCT, Name: RCT − RedCloud Holdings plc, Change: 156.98%
[2025-06-27T18:19:44.188+0000] {logging_mixin.py:188} INFO - [저장 준비] Symbol: WFF, Name: WFF − WF Holding Limited, Change: 67.17%
[2025-06-27T18:19:44.189+0000] {logging_mixin.py:188} INFO - [저장 준비] Symbol: SOND, Name: SOND − Sonder Holdings Inc., Change: 55.2%
[2025-06-27T18:19:44.191+0000] {logging_mixin.py:188} INFO - 모든 데이터 저장 완료 및 커밋 성공!
[2025-06-27T18:19:44.262+0000] {logging_mixin.py:188} INFO - Selenium 드라이버 종료.
[2025-06-27T18:19:44.263+0000] {logging_mixin.py:188} INFO - PostgreSQL 커서 닫기.
[2025-06-27T18:19:44.264+0000] {logging_mixin.py:188} INFO - PostgreSQL 연결 닫기.
[2025-06-27T18:19:44.264+0000] {python.py:237} INFO - Done. Returned value was: None
[2025-06-27T18:19:44.265+0000] {taskinstance.py:441} INFO - ::group::Post task execution logs
[2025-06-27T18:19:44.276+0000] {taskinstance.py:1205} INFO - Marking task as SUCCESS. dag_id=tradingview_stock_gainers_hourly_scraper, task_id=scrape_and_save_data, execution_date=20250627T181926, start_date=20250627T181928, end_date=20250627T181944
[2025-06-27T18:19:44.329+0000] {local_task_job_runner.py:240} INFO - Task exited with return code 0
[2025-06-27T18:19:44.343+0000] {taskinstance.py:3482} INFO - 0 downstream tasks scheduled from follow-on schedule check
[2025-06-27T18:19:44.345+0000] {local_task_job_runner.py:222} INFO - ::endgroup::
