[2025-06-26T19:50:04.506+0000] {local_task_job_runner.py:120} INFO - ::group::Pre task execution logs
[2025-06-26T19:50:04.526+0000] {taskinstance.py:2073} INFO - Dependencies all met for dep_context=non-requeueable deps ti=<TaskInstance: tradingview_stock_gainers_hourly_scraper.scrape_and_save_data scheduled__2025-06-26T18:00:00+00:00 [queued]>
[2025-06-26T19:50:04.533+0000] {taskinstance.py:2073} INFO - Dependencies all met for dep_context=requeueable deps ti=<TaskInstance: tradingview_stock_gainers_hourly_scraper.scrape_and_save_data scheduled__2025-06-26T18:00:00+00:00 [queued]>
[2025-06-26T19:50:04.533+0000] {taskinstance.py:2303} INFO - Starting attempt 2 of 4
[2025-06-26T19:50:04.546+0000] {taskinstance.py:2327} INFO - Executing <Task(PythonOperator): scrape_and_save_data> on 2025-06-26 18:00:00+00:00
[2025-06-26T19:50:04.551+0000] {standard_task_runner.py:63} INFO - Started process 2046 to run task
[2025-06-26T19:50:04.555+0000] {standard_task_runner.py:90} INFO - Running: ['***', 'tasks', 'run', 'tradingview_stock_gainers_hourly_scraper', 'scrape_and_save_data', 'scheduled__2025-06-26T18:00:00+00:00', '--job-id', '18', '--raw', '--subdir', 'DAGS_FOLDER/tradingview_scraper_dag.py', '--cfg-path', '/tmp/tmpcak4nyty']
[2025-06-26T19:50:04.558+0000] {standard_task_runner.py:91} INFO - Job 18: Subtask scrape_and_save_data
[2025-06-26T19:50:04.575+0000] {warnings.py:109} WARNING - /home/***/.local/lib/python3.10/site-packages/***/settings.py:195: DeprecationWarning: The sql_alchemy_conn option in [core] has been moved to the sql_alchemy_conn option in [database] - the old setting has been used, but please update your config.
  SQL_ALCHEMY_CONN = conf.get("database", "SQL_ALCHEMY_CONN")

[2025-06-26T19:50:04.618+0000] {task_command.py:426} INFO - Running <TaskInstance: tradingview_stock_gainers_hourly_scraper.scrape_and_save_data scheduled__2025-06-26T18:00:00+00:00 [running]> on host 9ab14cb3367e
[2025-06-26T19:50:04.691+0000] {taskinstance.py:2644} INFO - Exporting env vars: AIRFLOW_CTX_DAG_OWNER='***' AIRFLOW_CTX_DAG_ID='tradingview_stock_gainers_hourly_scraper' AIRFLOW_CTX_TASK_ID='scrape_and_save_data' AIRFLOW_CTX_EXECUTION_DATE='2025-06-26T18:00:00+00:00' AIRFLOW_CTX_TRY_NUMBER='2' AIRFLOW_CTX_DAG_RUN_ID='scheduled__2025-06-26T18:00:00+00:00'
[2025-06-26T19:50:04.692+0000] {taskinstance.py:430} INFO - ::endgroup::
[2025-06-26T19:50:04.704+0000] {logging_mixin.py:188} INFO - 스크래핑 및 데이터 저장 작업을 시작합니다...
[2025-06-26T19:50:04.763+0000] {logging_mixin.py:188} INFO - PostgreSQL 연결 성공!
[2025-06-26T19:50:04.768+0000] {logging_mixin.py:188} INFO - 테이블 존재 여부 확인 및 생성 완료.
[2025-06-26T19:50:05.068+0000] {logging_mixin.py:188} INFO - Selenium Chrome 드라이버 초기화 성공 (Headless 모드).
[2025-06-26T19:50:07.298+0000] {logging_mixin.py:188} INFO - URL 접속: https://kr.tradingview.com/markets/stocks-usa/market-movers-gainers/
[2025-06-26T19:50:17.600+0000] {logging_mixin.py:188} INFO - 페이지 소스 파싱 완료.
[2025-06-26T19:50:17.631+0000] {logging_mixin.py:188} INFO - [저장 준비] Symbol: ASTI, Name: ASTI − Ascent Solar Technologies, Inc, Change: 145.06%
[2025-06-26T19:50:17.633+0000] {logging_mixin.py:188} INFO - [저장 준비] Symbol: CYN, Name: CYN − Cyngn Inc., Change: 137.33%
[2025-06-26T19:50:17.635+0000] {logging_mixin.py:188} INFO - [저장 준비] Symbol: LIVE, Name: LIVE − Live Ventures Incorporated, Change: 101.78%
[2025-06-26T19:50:17.636+0000] {logging_mixin.py:188} INFO - [저장 준비] Symbol: WAI, Name: WAI − Top KingWin Ltd, Change: 50.26%
[2025-06-26T19:50:17.637+0000] {logging_mixin.py:188} INFO - [저장 준비] Symbol: KEQU, Name: KEQU − Kewaunee Scientific Corporation, Change: 35.1%
[2025-06-26T19:50:17.640+0000] {logging_mixin.py:188} INFO - 모든 데이터 저장 완료 및 커밋 성공!
[2025-06-26T19:50:17.760+0000] {logging_mixin.py:188} INFO - Selenium 드라이버 종료.
[2025-06-26T19:50:17.760+0000] {logging_mixin.py:188} INFO - PostgreSQL 커서 닫기.
[2025-06-26T19:50:17.761+0000] {logging_mixin.py:188} INFO - PostgreSQL 연결 닫기.
[2025-06-26T19:50:17.762+0000] {python.py:237} INFO - Done. Returned value was: None
[2025-06-26T19:50:17.762+0000] {taskinstance.py:441} INFO - ::group::Post task execution logs
[2025-06-26T19:50:17.771+0000] {taskinstance.py:1205} INFO - Marking task as SUCCESS. dag_id=tradingview_stock_gainers_hourly_scraper, task_id=scrape_and_save_data, execution_date=20250626T180000, start_date=20250626T195004, end_date=20250626T195017
[2025-06-26T19:50:17.828+0000] {local_task_job_runner.py:240} INFO - Task exited with return code 0
[2025-06-26T19:50:17.841+0000] {taskinstance.py:3482} INFO - 0 downstream tasks scheduled from follow-on schedule check
[2025-06-26T19:50:17.843+0000] {local_task_job_runner.py:222} INFO - ::endgroup::
