[2025-06-27T15:00:01.961+0000] {local_task_job_runner.py:120} INFO - ::group::Pre task execution logs
[2025-06-27T15:00:01.987+0000] {taskinstance.py:2073} INFO - Dependencies all met for dep_context=non-requeueable deps ti=<TaskInstance: tradingview_stock_gainers_hourly_scraper.scrape_and_save_data scheduled__2025-06-27T14:00:00+00:00 [queued]>
[2025-06-27T15:00:01.995+0000] {taskinstance.py:2073} INFO - Dependencies all met for dep_context=requeueable deps ti=<TaskInstance: tradingview_stock_gainers_hourly_scraper.scrape_and_save_data scheduled__2025-06-27T14:00:00+00:00 [queued]>
[2025-06-27T15:00:01.996+0000] {taskinstance.py:2303} INFO - Starting attempt 1 of 4
[2025-06-27T15:00:02.009+0000] {taskinstance.py:2327} INFO - Executing <Task(PythonOperator): scrape_and_save_data> on 2025-06-27 14:00:00+00:00
[2025-06-27T15:00:02.016+0000] {standard_task_runner.py:63} INFO - Started process 1181 to run task
[2025-06-27T15:00:02.019+0000] {standard_task_runner.py:90} INFO - Running: ['***', 'tasks', 'run', 'tradingview_stock_gainers_hourly_scraper', 'scrape_and_save_data', 'scheduled__2025-06-27T14:00:00+00:00', '--job-id', '5', '--raw', '--subdir', 'DAGS_FOLDER/tradingview_scraper_dag.py', '--cfg-path', '/tmp/tmpwak13iws']
[2025-06-27T15:00:02.023+0000] {standard_task_runner.py:91} INFO - Job 5: Subtask scrape_and_save_data
[2025-06-27T15:00:02.037+0000] {warnings.py:109} WARNING - /home/***/.local/lib/python3.10/site-packages/***/settings.py:195: DeprecationWarning: The sql_alchemy_conn option in [core] has been moved to the sql_alchemy_conn option in [database] - the old setting has been used, but please update your config.
  SQL_ALCHEMY_CONN = conf.get("database", "SQL_ALCHEMY_CONN")

[2025-06-27T15:00:02.070+0000] {task_command.py:426} INFO - Running <TaskInstance: tradingview_stock_gainers_hourly_scraper.scrape_and_save_data scheduled__2025-06-27T14:00:00+00:00 [running]> on host c5186335a4f2
[2025-06-27T15:00:02.151+0000] {taskinstance.py:2644} INFO - Exporting env vars: AIRFLOW_CTX_DAG_OWNER='***' AIRFLOW_CTX_DAG_ID='tradingview_stock_gainers_hourly_scraper' AIRFLOW_CTX_TASK_ID='scrape_and_save_data' AIRFLOW_CTX_EXECUTION_DATE='2025-06-27T14:00:00+00:00' AIRFLOW_CTX_TRY_NUMBER='1' AIRFLOW_CTX_DAG_RUN_ID='scheduled__2025-06-27T14:00:00+00:00'
[2025-06-27T15:00:02.152+0000] {taskinstance.py:430} INFO - ::endgroup::
[2025-06-27T15:00:02.173+0000] {logging_mixin.py:188} INFO - 스크래핑 및 데이터 저장 작업을 시작합니다...
[2025-06-27T15:00:02.249+0000] {logging_mixin.py:188} INFO - PostgreSQL 연결 성공!
[2025-06-27T15:00:02.263+0000] {logging_mixin.py:188} INFO - 테이블 존재 여부 확인 및 생성 완료.
[2025-06-27T15:00:02.970+0000] {logging_mixin.py:188} INFO - Selenium Chrome 드라이버 초기화 성공 (Headless 모드).
[2025-06-27T15:00:07.511+0000] {logging_mixin.py:188} INFO - URL 접속: https://kr.tradingview.com/markets/stocks-usa/market-movers-gainers/
[2025-06-27T15:00:19.274+0000] {logging_mixin.py:188} INFO - 페이지 소스 파싱 완료.
[2025-06-27T15:00:19.309+0000] {logging_mixin.py:188} INFO - [저장 준비] Symbol: BGL, Name: BGL − Perception Capital Corp. IV, Change: 310.09%
[2025-06-27T15:00:19.311+0000] {logging_mixin.py:188} INFO - [저장 준비] Symbol: LCFY, Name: LCFY − Locafy Limited, Change: 230.67%
[2025-06-27T15:00:19.312+0000] {logging_mixin.py:188} INFO - [저장 준비] Symbol: INMB, Name: INMB − INmune Bio Inc., Change: 75.48%
[2025-06-27T15:00:19.313+0000] {logging_mixin.py:188} INFO - [저장 준비] Symbol: CYN, Name: CYN − Cyngn Inc., Change: 48.82%
[2025-06-27T15:00:19.315+0000] {logging_mixin.py:188} INFO - [저장 준비] Symbol: WFF, Name: WFF − WF Holding Limited, Change: 42.62%
[2025-06-27T15:00:19.317+0000] {logging_mixin.py:188} INFO - 모든 데이터 저장 완료 및 커밋 성공!
[2025-06-27T15:00:19.390+0000] {logging_mixin.py:188} INFO - Selenium 드라이버 종료.
[2025-06-27T15:00:19.390+0000] {logging_mixin.py:188} INFO - PostgreSQL 커서 닫기.
[2025-06-27T15:00:19.391+0000] {logging_mixin.py:188} INFO - PostgreSQL 연결 닫기.
[2025-06-27T15:00:19.391+0000] {python.py:237} INFO - Done. Returned value was: None
[2025-06-27T15:00:19.392+0000] {taskinstance.py:441} INFO - ::group::Post task execution logs
[2025-06-27T15:00:19.400+0000] {taskinstance.py:1205} INFO - Marking task as SUCCESS. dag_id=tradingview_stock_gainers_hourly_scraper, task_id=scrape_and_save_data, execution_date=20250627T140000, start_date=20250627T150001, end_date=20250627T150019
[2025-06-27T15:00:19.444+0000] {local_task_job_runner.py:240} INFO - Task exited with return code 0
[2025-06-27T15:00:19.456+0000] {taskinstance.py:3482} INFO - 0 downstream tasks scheduled from follow-on schedule check
[2025-06-27T15:00:19.459+0000] {local_task_job_runner.py:222} INFO - ::endgroup::
