[2025-06-27T18:11:53.255+0000] {local_task_job_runner.py:120} INFO - ::group::Pre task execution logs
[2025-06-27T18:11:53.289+0000] {taskinstance.py:2073} INFO - Dependencies all met for dep_context=non-requeueable deps ti=<TaskInstance: tradingview_stock_gainers_hourly_scraper.scrape_and_save_data manual__2025-06-27T18:11:52.250336+00:00 [queued]>
[2025-06-27T18:11:53.300+0000] {taskinstance.py:2073} INFO - Dependencies all met for dep_context=requeueable deps ti=<TaskInstance: tradingview_stock_gainers_hourly_scraper.scrape_and_save_data manual__2025-06-27T18:11:52.250336+00:00 [queued]>
[2025-06-27T18:11:53.301+0000] {taskinstance.py:2303} INFO - Starting attempt 1 of 4
[2025-06-27T18:11:53.317+0000] {taskinstance.py:2327} INFO - Executing <Task(PythonOperator): scrape_and_save_data> on 2025-06-27 18:11:52.250336+00:00
[2025-06-27T18:11:53.325+0000] {standard_task_runner.py:63} INFO - Started process 1846 to run task
[2025-06-27T18:11:53.336+0000] {standard_task_runner.py:90} INFO - Running: ['***', 'tasks', 'run', 'tradingview_stock_gainers_hourly_scraper', 'scrape_and_save_data', 'manual__2025-06-27T18:11:52.250336+00:00', '--job-id', '50', '--raw', '--subdir', 'DAGS_FOLDER/tradingview_scraper_dag.py', '--cfg-path', '/tmp/tmpwk_cut1o']
[2025-06-27T18:11:53.348+0000] {standard_task_runner.py:91} INFO - Job 50: Subtask scrape_and_save_data
[2025-06-27T18:11:53.376+0000] {warnings.py:109} WARNING - /home/***/.local/lib/python3.10/site-packages/***/settings.py:195: DeprecationWarning: The sql_alchemy_conn option in [core] has been moved to the sql_alchemy_conn option in [database] - the old setting has been used, but please update your config.
  SQL_ALCHEMY_CONN = conf.get("database", "SQL_ALCHEMY_CONN")

[2025-06-27T18:11:53.447+0000] {task_command.py:426} INFO - Running <TaskInstance: tradingview_stock_gainers_hourly_scraper.scrape_and_save_data manual__2025-06-27T18:11:52.250336+00:00 [running]> on host ce384e780395
[2025-06-27T18:11:53.598+0000] {taskinstance.py:2644} INFO - Exporting env vars: AIRFLOW_CTX_DAG_OWNER='***' AIRFLOW_CTX_DAG_ID='tradingview_stock_gainers_hourly_scraper' AIRFLOW_CTX_TASK_ID='scrape_and_save_data' AIRFLOW_CTX_EXECUTION_DATE='2025-06-27T18:11:52.250336+00:00' AIRFLOW_CTX_TRY_NUMBER='1' AIRFLOW_CTX_DAG_RUN_ID='manual__2025-06-27T18:11:52.250336+00:00'
[2025-06-27T18:11:53.601+0000] {taskinstance.py:430} INFO - ::endgroup::
[2025-06-27T18:11:53.619+0000] {logging_mixin.py:188} INFO - 스크래핑 및 데이터 저장 작업을 시작합니다...
[2025-06-27T18:11:53.626+0000] {logging_mixin.py:188} INFO - PostgreSQL 연결 성공!
[2025-06-27T18:11:53.627+0000] {logging_mixin.py:188} INFO - 테이블 존재 여부 확인 및 생성 완료.
[2025-06-27T18:11:54.283+0000] {logging_mixin.py:188} INFO - Selenium Chrome 드라이버 초기화 성공 (Headless 모드).
[2025-06-27T18:11:59.297+0000] {logging_mixin.py:188} INFO - URL 접속: https://kr.tradingview.com/markets/stocks-usa/market-movers-gainers/
[2025-06-27T18:12:09.673+0000] {logging_mixin.py:188} INFO - 페이지 소스 파싱 완료.
[2025-06-27T18:12:09.697+0000] {logging_mixin.py:188} INFO - [저장 준비] Symbol: BGL, Name: BGL − Perception Capital Corp. IV, Change: 198.11%
[2025-06-27T18:12:09.698+0000] {logging_mixin.py:188} INFO - [저장 준비] Symbol: LCFY, Name: LCFY − Locafy Limited, Change: 188.24%
[2025-06-27T18:12:09.699+0000] {logging_mixin.py:188} INFO - [저장 준비] Symbol: RCT, Name: RCT − RedCloud Holdings plc, Change: 148.6%
[2025-06-27T18:12:09.700+0000] {logging_mixin.py:188} INFO - [저장 준비] Symbol: WFF, Name: WFF − WF Holding Limited, Change: 85.24%
[2025-06-27T18:12:09.701+0000] {logging_mixin.py:188} INFO - [저장 준비] Symbol: EYEN, Name: EYEN − Eyenovia, Inc., Change: 50.57%
[2025-06-27T18:12:09.702+0000] {logging_mixin.py:188} INFO - 모든 데이터 저장 완료 및 커밋 성공!
[2025-06-27T18:12:09.773+0000] {logging_mixin.py:188} INFO - Selenium 드라이버 종료.
[2025-06-27T18:12:09.773+0000] {logging_mixin.py:188} INFO - PostgreSQL 커서 닫기.
[2025-06-27T18:12:09.774+0000] {logging_mixin.py:188} INFO - PostgreSQL 연결 닫기.
[2025-06-27T18:12:09.775+0000] {python.py:237} INFO - Done. Returned value was: None
[2025-06-27T18:12:09.775+0000] {taskinstance.py:441} INFO - ::group::Post task execution logs
[2025-06-27T18:12:09.783+0000] {taskinstance.py:1205} INFO - Marking task as SUCCESS. dag_id=tradingview_stock_gainers_hourly_scraper, task_id=scrape_and_save_data, execution_date=20250627T181152, start_date=20250627T181153, end_date=20250627T181209
[2025-06-27T18:12:09.815+0000] {local_task_job_runner.py:240} INFO - Task exited with return code 0
[2025-06-27T18:12:09.827+0000] {taskinstance.py:3482} INFO - 0 downstream tasks scheduled from follow-on schedule check
[2025-06-27T18:12:09.829+0000] {local_task_job_runner.py:222} INFO - ::endgroup::
