[2025-08-29T11:57:01.480+0000] {local_task_job_runner.py:120} INFO - ::group::Pre task execution logs
[2025-08-29T11:57:01.514+0000] {taskinstance.py:2063} INFO - Dependencies not met for <TaskInstance: tradingview_stock_gainers_hourly_scraper.scrape_and_save_data scheduled__2025-08-19T07:00:00+00:00 [up_for_retry]>, dependency 'Not In Retry Period' FAILED: Task is not ready for retry yet but will be retried automatically. Current date is 2025-08-29T11:57:01.514235+00:00 and task will be retried at 2025-08-29T12:01:50.059643+00:00.
[2025-08-29T11:57:01.517+0000] {local_task_job_runner.py:163} INFO - Task is not able to be run
[2025-08-29T12:01:50.761+0000] {local_task_job_runner.py:120} INFO - ::group::Pre task execution logs
[2025-08-29T12:01:50.782+0000] {taskinstance.py:2073} INFO - Dependencies all met for dep_context=non-requeueable deps ti=<TaskInstance: tradingview_stock_gainers_hourly_scraper.scrape_and_save_data scheduled__2025-08-19T07:00:00+00:00 [queued]>
[2025-08-29T12:01:50.789+0000] {taskinstance.py:2073} INFO - Dependencies all met for dep_context=requeueable deps ti=<TaskInstance: tradingview_stock_gainers_hourly_scraper.scrape_and_save_data scheduled__2025-08-19T07:00:00+00:00 [queued]>
[2025-08-29T12:01:50.790+0000] {taskinstance.py:2303} INFO - Starting attempt 2 of 4
[2025-08-29T12:01:50.802+0000] {taskinstance.py:2327} INFO - Executing <Task(PythonOperator): scrape_and_save_data> on 2025-08-19 07:00:00+00:00
[2025-08-29T12:01:50.808+0000] {standard_task_runner.py:63} INFO - Started process 644 to run task
[2025-08-29T12:01:50.813+0000] {standard_task_runner.py:90} INFO - Running: ['***', 'tasks', 'run', 'tradingview_stock_gainers_hourly_scraper', 'scrape_and_save_data', 'scheduled__2025-08-19T07:00:00+00:00', '--job-id', '112', '--raw', '--subdir', 'DAGS_FOLDER/tradingview_scraper_dag.py', '--cfg-path', '/tmp/tmp23y4zbzd']
[2025-08-29T12:01:50.816+0000] {standard_task_runner.py:91} INFO - Job 112: Subtask scrape_and_save_data
[2025-08-29T12:01:50.835+0000] {warnings.py:109} WARNING - /home/***/.local/lib/python3.10/site-packages/***/settings.py:195: DeprecationWarning: The sql_alchemy_conn option in [core] has been moved to the sql_alchemy_conn option in [database] - the old setting has been used, but please update your config.
  SQL_ALCHEMY_CONN = conf.get("database", "SQL_ALCHEMY_CONN")

[2025-08-29T12:01:50.870+0000] {task_command.py:426} INFO - Running <TaskInstance: tradingview_stock_gainers_hourly_scraper.scrape_and_save_data scheduled__2025-08-19T07:00:00+00:00 [running]> on host 587fd9f597ce
[2025-08-29T12:01:50.963+0000] {taskinstance.py:2644} INFO - Exporting env vars: AIRFLOW_CTX_DAG_OWNER='***' AIRFLOW_CTX_DAG_ID='tradingview_stock_gainers_hourly_scraper' AIRFLOW_CTX_TASK_ID='scrape_and_save_data' AIRFLOW_CTX_EXECUTION_DATE='2025-08-19T07:00:00+00:00' AIRFLOW_CTX_TRY_NUMBER='2' AIRFLOW_CTX_DAG_RUN_ID='scheduled__2025-08-19T07:00:00+00:00'
[2025-08-29T12:01:50.965+0000] {taskinstance.py:430} INFO - ::endgroup::
[2025-08-29T12:01:50.974+0000] {logging_mixin.py:188} INFO - 스크래핑 및 데이터 저장 작업을 시작합니다...
[2025-08-29T12:01:50.979+0000] {logging_mixin.py:188} INFO - PostgreSQL 연결 성공!
[2025-08-29T12:01:50.980+0000] {logging_mixin.py:188} INFO - 테이블 존재 여부 확인 및 생성 완료.
[2025-08-29T12:01:51.280+0000] {logging_mixin.py:188} INFO - Selenium Chrome 드라이버 초기화 성공 (Headless 모드).
[2025-08-29T12:01:53.471+0000] {logging_mixin.py:188} INFO - URL 접속: https://kr.tradingview.com/markets/stocks-usa/market-movers-gainers/
[2025-08-29T12:02:04.109+0000] {logging_mixin.py:188} INFO - 페이지 소스 파싱 완료.
[2025-08-29T12:02:04.136+0000] {logging_mixin.py:188} INFO - [저장 준비] Symbol: EAF, Name: EAF − GrafTech International Ltd., Change: 914.97%
[2025-08-29T12:02:04.139+0000] {logging_mixin.py:188} INFO - [저장 준비] Symbol: SEGG, Name: SEGG − Lottery.com, Inc., Change: 845.09%
[2025-08-29T12:02:04.141+0000] {logging_mixin.py:188} INFO - [저장 준비] Symbol: CWD, Name: CWD − CaliberCos Inc., Change: 162.35%
[2025-08-29T12:02:04.144+0000] {logging_mixin.py:188} INFO - [저장 준비] Symbol: OPAD, Name: OPAD − Offerpad Solutions Inc., Change: 85.42%
[2025-08-29T12:02:04.145+0000] {logging_mixin.py:188} INFO - [저장 준비] Symbol: AGFY, Name: AGFY − Agrify Corporation, Change: 50.33%
[2025-08-29T12:02:04.151+0000] {logging_mixin.py:188} INFO - 모든 데이터 저장 완료 및 커밋 성공!
[2025-08-29T12:02:04.299+0000] {logging_mixin.py:188} INFO - Selenium 드라이버 종료.
[2025-08-29T12:02:04.301+0000] {logging_mixin.py:188} INFO - PostgreSQL 커서 닫기.
[2025-08-29T12:02:04.302+0000] {logging_mixin.py:188} INFO - PostgreSQL 연결 닫기.
[2025-08-29T12:02:04.303+0000] {python.py:237} INFO - Done. Returned value was: None
[2025-08-29T12:02:04.305+0000] {taskinstance.py:441} INFO - ::group::Post task execution logs
[2025-08-29T12:02:04.321+0000] {taskinstance.py:1205} INFO - Marking task as SUCCESS. dag_id=tradingview_stock_gainers_hourly_scraper, task_id=scrape_and_save_data, execution_date=20250819T070000, start_date=20250829T120150, end_date=20250829T120204
[2025-08-29T12:02:04.363+0000] {local_task_job_runner.py:240} INFO - Task exited with return code 0
[2025-08-29T12:02:04.386+0000] {taskinstance.py:3482} INFO - 0 downstream tasks scheduled from follow-on schedule check
[2025-08-29T12:02:04.388+0000] {local_task_job_runner.py:222} INFO - ::endgroup::
