[2025-06-26T20:00:01.601+0000] {local_task_job_runner.py:120} INFO - ::group::Pre task execution logs
[2025-06-26T20:00:01.619+0000] {taskinstance.py:2073} INFO - Dependencies all met for dep_context=non-requeueable deps ti=<TaskInstance: tradingview_stock_gainers_hourly_scraper.scrape_and_save_data scheduled__2025-06-26T19:00:00+00:00 [queued]>
[2025-06-26T20:00:01.625+0000] {taskinstance.py:2073} INFO - Dependencies all met for dep_context=requeueable deps ti=<TaskInstance: tradingview_stock_gainers_hourly_scraper.scrape_and_save_data scheduled__2025-06-26T19:00:00+00:00 [queued]>
[2025-06-26T20:00:01.626+0000] {taskinstance.py:2303} INFO - Starting attempt 1 of 4
[2025-06-26T20:00:01.636+0000] {taskinstance.py:2327} INFO - Executing <Task(PythonOperator): scrape_and_save_data> on 2025-06-26 19:00:00+00:00
[2025-06-26T20:00:01.641+0000] {standard_task_runner.py:63} INFO - Started process 854 to run task
[2025-06-26T20:00:01.644+0000] {standard_task_runner.py:90} INFO - Running: ['***', 'tasks', 'run', 'tradingview_stock_gainers_hourly_scraper', 'scrape_and_save_data', 'scheduled__2025-06-26T19:00:00+00:00', '--job-id', '24', '--raw', '--subdir', 'DAGS_FOLDER/tradingview_scraper_dag.py', '--cfg-path', '/tmp/tmpv72ip6js']
[2025-06-26T20:00:01.647+0000] {standard_task_runner.py:91} INFO - Job 24: Subtask scrape_and_save_data
[2025-06-26T20:00:01.662+0000] {warnings.py:109} WARNING - /home/***/.local/lib/python3.10/site-packages/***/settings.py:195: DeprecationWarning: The sql_alchemy_conn option in [core] has been moved to the sql_alchemy_conn option in [database] - the old setting has been used, but please update your config.
  SQL_ALCHEMY_CONN = conf.get("database", "SQL_ALCHEMY_CONN")

[2025-06-26T20:00:01.692+0000] {task_command.py:426} INFO - Running <TaskInstance: tradingview_stock_gainers_hourly_scraper.scrape_and_save_data scheduled__2025-06-26T19:00:00+00:00 [running]> on host 28caf1b6b575
[2025-06-26T20:00:01.752+0000] {taskinstance.py:2644} INFO - Exporting env vars: AIRFLOW_CTX_DAG_OWNER='***' AIRFLOW_CTX_DAG_ID='tradingview_stock_gainers_hourly_scraper' AIRFLOW_CTX_TASK_ID='scrape_and_save_data' AIRFLOW_CTX_EXECUTION_DATE='2025-06-26T19:00:00+00:00' AIRFLOW_CTX_TRY_NUMBER='1' AIRFLOW_CTX_DAG_RUN_ID='scheduled__2025-06-26T19:00:00+00:00'
[2025-06-26T20:00:01.754+0000] {taskinstance.py:430} INFO - ::endgroup::
[2025-06-26T20:00:01.765+0000] {logging_mixin.py:188} INFO - 스크래핑 및 데이터 저장 작업을 시작합니다...
[2025-06-26T20:00:01.814+0000] {logging_mixin.py:188} INFO - PostgreSQL 연결 성공!
[2025-06-26T20:00:01.818+0000] {logging_mixin.py:188} INFO - 테이블 존재 여부 확인 및 생성 완료.
[2025-06-26T20:00:02.061+0000] {logging_mixin.py:188} INFO - Selenium Chrome 드라이버 초기화 성공 (Headless 모드).
[2025-06-26T20:00:04.114+0000] {logging_mixin.py:188} INFO - URL 접속: https://kr.tradingview.com/markets/stocks-usa/market-movers-gainers/
[2025-06-26T20:00:14.512+0000] {logging_mixin.py:188} INFO - 페이지 소스 파싱 완료.
[2025-06-26T20:00:14.537+0000] {logging_mixin.py:188} INFO - [저장 준비] Symbol: CYN, Name: CYN − Cyngn Inc., Change: 169.66%
[2025-06-26T20:00:14.539+0000] {logging_mixin.py:188} INFO - [저장 준비] Symbol: ASTI, Name: ASTI − Ascent Solar Technologies, Inc, Change: 133.48%
[2025-06-26T20:00:14.540+0000] {logging_mixin.py:188} INFO - [저장 준비] Symbol: LIVE, Name: LIVE − Live Ventures Incorporated, Change: 94.2%
[2025-06-26T20:00:14.542+0000] {logging_mixin.py:188} INFO - [저장 준비] Symbol: WAI, Name: WAI − Top KingWin Ltd, Change: 48.72%
[2025-06-26T20:00:14.543+0000] {logging_mixin.py:188} INFO - [저장 준비] Symbol: CORZ, Name: CORZ − Core Scientific, Inc., Change: 37.15%
[2025-06-26T20:00:14.550+0000] {logging_mixin.py:188} INFO - 모든 데이터 저장 완료 및 커밋 성공!
[2025-06-26T20:00:14.626+0000] {logging_mixin.py:188} INFO - Selenium 드라이버 종료.
[2025-06-26T20:00:14.627+0000] {logging_mixin.py:188} INFO - PostgreSQL 커서 닫기.
[2025-06-26T20:00:14.628+0000] {logging_mixin.py:188} INFO - PostgreSQL 연결 닫기.
[2025-06-26T20:00:14.628+0000] {python.py:237} INFO - Done. Returned value was: None
[2025-06-26T20:00:14.630+0000] {taskinstance.py:441} INFO - ::group::Post task execution logs
[2025-06-26T20:00:14.638+0000] {taskinstance.py:1205} INFO - Marking task as SUCCESS. dag_id=tradingview_stock_gainers_hourly_scraper, task_id=scrape_and_save_data, execution_date=20250626T190000, start_date=20250626T200001, end_date=20250626T200014
[2025-06-26T20:00:14.668+0000] {local_task_job_runner.py:240} INFO - Task exited with return code 0
[2025-06-26T20:00:14.687+0000] {taskinstance.py:3482} INFO - 0 downstream tasks scheduled from follow-on schedule check
[2025-06-26T20:00:14.690+0000] {local_task_job_runner.py:222} INFO - ::endgroup::
[2025-06-26T20:02:34.104+0000] {local_task_job_runner.py:120} INFO - ::group::Pre task execution logs
[2025-06-26T20:02:34.123+0000] {taskinstance.py:2073} INFO - Dependencies all met for dep_context=non-requeueable deps ti=<TaskInstance: tradingview_stock_gainers_hourly_scraper.scrape_and_save_data scheduled__2025-06-26T19:00:00+00:00 [queued]>
[2025-06-26T20:02:34.134+0000] {taskinstance.py:2073} INFO - Dependencies all met for dep_context=requeueable deps ti=<TaskInstance: tradingview_stock_gainers_hourly_scraper.scrape_and_save_data scheduled__2025-06-26T19:00:00+00:00 [queued]>
[2025-06-26T20:02:34.134+0000] {taskinstance.py:2303} INFO - Starting attempt 1 of 4
[2025-06-26T20:02:34.146+0000] {taskinstance.py:2327} INFO - Executing <Task(PythonOperator): scrape_and_save_data> on 2025-06-26 19:00:00+00:00
[2025-06-26T20:02:34.156+0000] {standard_task_runner.py:63} INFO - Started process 1285 to run task
[2025-06-26T20:02:34.159+0000] {standard_task_runner.py:90} INFO - Running: ['***', 'tasks', 'run', 'tradingview_stock_gainers_hourly_scraper', 'scrape_and_save_data', 'scheduled__2025-06-26T19:00:00+00:00', '--job-id', '26', '--raw', '--subdir', 'DAGS_FOLDER/tradingview_scraper_dag.py', '--cfg-path', '/tmp/tmpwh0k0eus']
[2025-06-26T20:02:34.166+0000] {standard_task_runner.py:91} INFO - Job 26: Subtask scrape_and_save_data
[2025-06-26T20:02:34.182+0000] {warnings.py:109} WARNING - /home/***/.local/lib/python3.10/site-packages/***/settings.py:195: DeprecationWarning: The sql_alchemy_conn option in [core] has been moved to the sql_alchemy_conn option in [database] - the old setting has been used, but please update your config.
  SQL_ALCHEMY_CONN = conf.get("database", "SQL_ALCHEMY_CONN")

[2025-06-26T20:02:34.237+0000] {task_command.py:426} INFO - Running <TaskInstance: tradingview_stock_gainers_hourly_scraper.scrape_and_save_data scheduled__2025-06-26T19:00:00+00:00 [running]> on host 28caf1b6b575
[2025-06-26T20:02:34.327+0000] {taskinstance.py:2644} INFO - Exporting env vars: AIRFLOW_CTX_DAG_OWNER='***' AIRFLOW_CTX_DAG_ID='tradingview_stock_gainers_hourly_scraper' AIRFLOW_CTX_TASK_ID='scrape_and_save_data' AIRFLOW_CTX_EXECUTION_DATE='2025-06-26T19:00:00+00:00' AIRFLOW_CTX_TRY_NUMBER='1' AIRFLOW_CTX_DAG_RUN_ID='scheduled__2025-06-26T19:00:00+00:00'
[2025-06-26T20:02:34.328+0000] {taskinstance.py:430} INFO - ::endgroup::
[2025-06-26T20:02:34.343+0000] {logging_mixin.py:188} INFO - 스크래핑 및 데이터 저장 작업을 시작합니다...
[2025-06-26T20:02:34.431+0000] {logging_mixin.py:188} INFO - PostgreSQL 연결 성공!
[2025-06-26T20:02:34.438+0000] {logging_mixin.py:188} INFO - 테이블 존재 여부 확인 및 생성 완료.
[2025-06-26T20:02:34.858+0000] {logging_mixin.py:188} INFO - Selenium Chrome 드라이버 초기화 성공 (Headless 모드).
[2025-06-26T20:02:37.091+0000] {logging_mixin.py:188} INFO - URL 접속: https://kr.tradingview.com/markets/stocks-usa/market-movers-gainers/
[2025-06-26T20:02:47.485+0000] {logging_mixin.py:188} INFO - 페이지 소스 파싱 완료.
[2025-06-26T20:02:47.524+0000] {logging_mixin.py:188} INFO - [저장 준비] Symbol: CYN, Name: CYN − Cyngn Inc., Change: 182.44%
[2025-06-26T20:02:47.525+0000] {logging_mixin.py:188} INFO - [저장 준비] Symbol: ASTI, Name: ASTI − Ascent Solar Technologies, Inc, Change: 141.19%
[2025-06-26T20:02:47.526+0000] {logging_mixin.py:188} INFO - [저장 준비] Symbol: LIVE, Name: LIVE − Live Ventures Incorporated, Change: 94.14%
[2025-06-26T20:02:47.528+0000] {logging_mixin.py:188} INFO - [저장 준비] Symbol: WAI, Name: WAI − Top KingWin Ltd, Change: 49.23%
[2025-06-26T20:02:47.529+0000] {logging_mixin.py:188} INFO - [저장 준비] Symbol: CORZ, Name: CORZ − Core Scientific, Inc., Change: 35.69%
[2025-06-26T20:02:47.530+0000] {logging_mixin.py:188} INFO - 모든 데이터 저장 완료 및 커밋 성공!
[2025-06-26T20:02:47.601+0000] {logging_mixin.py:188} INFO - Selenium 드라이버 종료.
[2025-06-26T20:02:47.602+0000] {logging_mixin.py:188} INFO - PostgreSQL 커서 닫기.
[2025-06-26T20:02:47.602+0000] {logging_mixin.py:188} INFO - PostgreSQL 연결 닫기.
[2025-06-26T20:02:47.602+0000] {python.py:237} INFO - Done. Returned value was: None
[2025-06-26T20:02:47.603+0000] {taskinstance.py:441} INFO - ::group::Post task execution logs
[2025-06-26T20:02:47.612+0000] {taskinstance.py:1205} INFO - Marking task as SUCCESS. dag_id=tradingview_stock_gainers_hourly_scraper, task_id=scrape_and_save_data, execution_date=20250626T190000, start_date=20250626T200234, end_date=20250626T200247
[2025-06-26T20:02:47.632+0000] {local_task_job_runner.py:240} INFO - Task exited with return code 0
[2025-06-26T20:02:47.646+0000] {taskinstance.py:3482} INFO - 0 downstream tasks scheduled from follow-on schedule check
[2025-06-26T20:02:47.648+0000] {local_task_job_runner.py:222} INFO - ::endgroup::
[2025-06-26T20:06:51.258+0000] {local_task_job_runner.py:120} INFO - ::group::Pre task execution logs
[2025-06-26T20:06:51.282+0000] {taskinstance.py:2073} INFO - Dependencies all met for dep_context=non-requeueable deps ti=<TaskInstance: tradingview_stock_gainers_hourly_scraper.scrape_and_save_data scheduled__2025-06-26T19:00:00+00:00 [queued]>
[2025-06-26T20:06:51.290+0000] {taskinstance.py:2073} INFO - Dependencies all met for dep_context=requeueable deps ti=<TaskInstance: tradingview_stock_gainers_hourly_scraper.scrape_and_save_data scheduled__2025-06-26T19:00:00+00:00 [queued]>
[2025-06-26T20:06:51.290+0000] {taskinstance.py:2303} INFO - Starting attempt 1 of 4
[2025-06-26T20:06:51.306+0000] {taskinstance.py:2327} INFO - Executing <Task(PythonOperator): scrape_and_save_data> on 2025-06-26 19:00:00+00:00
[2025-06-26T20:06:51.317+0000] {standard_task_runner.py:63} INFO - Started process 2072 to run task
[2025-06-26T20:06:51.324+0000] {standard_task_runner.py:90} INFO - Running: ['***', 'tasks', 'run', 'tradingview_stock_gainers_hourly_scraper', 'scrape_and_save_data', 'scheduled__2025-06-26T19:00:00+00:00', '--job-id', '29', '--raw', '--subdir', 'DAGS_FOLDER/tradingview_scraper_dag.py', '--cfg-path', '/tmp/tmpdols7f7r']
[2025-06-26T20:06:51.328+0000] {standard_task_runner.py:91} INFO - Job 29: Subtask scrape_and_save_data
[2025-06-26T20:06:51.342+0000] {warnings.py:109} WARNING - /home/***/.local/lib/python3.10/site-packages/***/settings.py:195: DeprecationWarning: The sql_alchemy_conn option in [core] has been moved to the sql_alchemy_conn option in [database] - the old setting has been used, but please update your config.
  SQL_ALCHEMY_CONN = conf.get("database", "SQL_ALCHEMY_CONN")

[2025-06-26T20:06:51.389+0000] {task_command.py:426} INFO - Running <TaskInstance: tradingview_stock_gainers_hourly_scraper.scrape_and_save_data scheduled__2025-06-26T19:00:00+00:00 [running]> on host 28caf1b6b575
[2025-06-26T20:06:51.489+0000] {taskinstance.py:2644} INFO - Exporting env vars: AIRFLOW_CTX_DAG_OWNER='***' AIRFLOW_CTX_DAG_ID='tradingview_stock_gainers_hourly_scraper' AIRFLOW_CTX_TASK_ID='scrape_and_save_data' AIRFLOW_CTX_EXECUTION_DATE='2025-06-26T19:00:00+00:00' AIRFLOW_CTX_TRY_NUMBER='1' AIRFLOW_CTX_DAG_RUN_ID='scheduled__2025-06-26T19:00:00+00:00'
[2025-06-26T20:06:51.490+0000] {taskinstance.py:430} INFO - ::endgroup::
[2025-06-26T20:06:51.501+0000] {logging_mixin.py:188} INFO - 스크래핑 및 데이터 저장 작업을 시작합니다...
[2025-06-26T20:06:51.674+0000] {logging_mixin.py:188} INFO - PostgreSQL 연결 성공!
[2025-06-26T20:06:51.678+0000] {logging_mixin.py:188} INFO - 테이블 존재 여부 확인 및 생성 완료.
[2025-06-26T20:06:51.970+0000] {logging_mixin.py:188} INFO - Selenium Chrome 드라이버 초기화 성공 (Headless 모드).
[2025-06-26T20:06:53.968+0000] {logging_mixin.py:188} INFO - URL 접속: https://kr.tradingview.com/markets/stocks-usa/market-movers-gainers/
[2025-06-26T20:07:04.449+0000] {logging_mixin.py:188} INFO - 페이지 소스 파싱 완료.
[2025-06-26T20:07:04.478+0000] {logging_mixin.py:188} INFO - [저장 준비] Symbol: CYN, Name: CYN − Cyngn Inc., Change: 185.63%
[2025-06-26T20:07:04.480+0000] {logging_mixin.py:188} INFO - [저장 준비] Symbol: ASTI, Name: ASTI − Ascent Solar Technologies, Inc, Change: 154.91%
[2025-06-26T20:07:04.484+0000] {logging_mixin.py:188} INFO - [저장 준비] Symbol: LIVE, Name: LIVE − Live Ventures Incorporated, Change: 102.6%
[2025-06-26T20:07:04.487+0000] {logging_mixin.py:188} INFO - [저장 준비] Symbol: WAI, Name: WAI − Top KingWin Ltd, Change: 48.72%
[2025-06-26T20:07:04.490+0000] {logging_mixin.py:188} INFO - [저장 준비] Symbol: CORZ, Name: CORZ − Core Scientific, Inc., Change: 35.49%
[2025-06-26T20:07:04.493+0000] {logging_mixin.py:188} INFO - 모든 데이터 저장 완료 및 커밋 성공!
[2025-06-26T20:07:04.570+0000] {logging_mixin.py:188} INFO - Selenium 드라이버 종료.
[2025-06-26T20:07:04.570+0000] {logging_mixin.py:188} INFO - PostgreSQL 커서 닫기.
[2025-06-26T20:07:04.571+0000] {logging_mixin.py:188} INFO - PostgreSQL 연결 닫기.
[2025-06-26T20:07:04.571+0000] {python.py:237} INFO - Done. Returned value was: None
[2025-06-26T20:07:04.572+0000] {taskinstance.py:441} INFO - ::group::Post task execution logs
[2025-06-26T20:07:04.584+0000] {taskinstance.py:1205} INFO - Marking task as SUCCESS. dag_id=tradingview_stock_gainers_hourly_scraper, task_id=scrape_and_save_data, execution_date=20250626T190000, start_date=20250626T200651, end_date=20250626T200704
[2025-06-26T20:07:04.627+0000] {local_task_job_runner.py:240} INFO - Task exited with return code 0
[2025-06-26T20:07:04.644+0000] {taskinstance.py:3482} INFO - 0 downstream tasks scheduled from follow-on schedule check
[2025-06-26T20:07:04.646+0000] {local_task_job_runner.py:222} INFO - ::endgroup::
[2025-06-26T20:15:31.606+0000] {local_task_job_runner.py:120} INFO - ::group::Pre task execution logs
[2025-06-26T20:15:31.659+0000] {taskinstance.py:2073} INFO - Dependencies all met for dep_context=non-requeueable deps ti=<TaskInstance: tradingview_stock_gainers_hourly_scraper.scrape_and_save_data scheduled__2025-06-26T19:00:00+00:00 [queued]>
[2025-06-26T20:15:31.680+0000] {taskinstance.py:2073} INFO - Dependencies all met for dep_context=requeueable deps ti=<TaskInstance: tradingview_stock_gainers_hourly_scraper.scrape_and_save_data scheduled__2025-06-26T19:00:00+00:00 [queued]>
[2025-06-26T20:15:31.680+0000] {taskinstance.py:2303} INFO - Starting attempt 1 of 4
[2025-06-26T20:15:31.697+0000] {taskinstance.py:2327} INFO - Executing <Task(PythonOperator): scrape_and_save_data> on 2025-06-26 19:00:00+00:00
[2025-06-26T20:15:31.709+0000] {standard_task_runner.py:63} INFO - Started process 2809 to run task
[2025-06-26T20:15:31.728+0000] {standard_task_runner.py:90} INFO - Running: ['***', 'tasks', 'run', 'tradingview_stock_gainers_hourly_scraper', 'scrape_and_save_data', 'scheduled__2025-06-26T19:00:00+00:00', '--job-id', '32', '--raw', '--subdir', 'DAGS_FOLDER/tradingview_scraper_dag.py', '--cfg-path', '/tmp/tmpdmzb6r2m']
[2025-06-26T20:15:31.734+0000] {standard_task_runner.py:91} INFO - Job 32: Subtask scrape_and_save_data
[2025-06-26T20:15:31.788+0000] {warnings.py:109} WARNING - /home/***/.local/lib/python3.10/site-packages/***/settings.py:195: DeprecationWarning: The sql_alchemy_conn option in [core] has been moved to the sql_alchemy_conn option in [database] - the old setting has been used, but please update your config.
  SQL_ALCHEMY_CONN = conf.get("database", "SQL_ALCHEMY_CONN")

[2025-06-26T20:15:31.918+0000] {task_command.py:426} INFO - Running <TaskInstance: tradingview_stock_gainers_hourly_scraper.scrape_and_save_data scheduled__2025-06-26T19:00:00+00:00 [running]> on host 28caf1b6b575
[2025-06-26T20:15:32.120+0000] {taskinstance.py:2644} INFO - Exporting env vars: AIRFLOW_CTX_DAG_OWNER='***' AIRFLOW_CTX_DAG_ID='tradingview_stock_gainers_hourly_scraper' AIRFLOW_CTX_TASK_ID='scrape_and_save_data' AIRFLOW_CTX_EXECUTION_DATE='2025-06-26T19:00:00+00:00' AIRFLOW_CTX_TRY_NUMBER='1' AIRFLOW_CTX_DAG_RUN_ID='scheduled__2025-06-26T19:00:00+00:00'
[2025-06-26T20:15:32.122+0000] {taskinstance.py:430} INFO - ::endgroup::
[2025-06-26T20:15:32.207+0000] {logging_mixin.py:188} INFO - 스크래핑 및 데이터 저장 작업을 시작합니다...
[2025-06-26T20:15:32.334+0000] {logging_mixin.py:188} INFO - PostgreSQL 연결 성공!
[2025-06-26T20:15:32.344+0000] {logging_mixin.py:188} INFO - 테이블 존재 여부 확인 및 생성 완료.
[2025-06-26T20:15:33.218+0000] {logging_mixin.py:188} INFO - Selenium Chrome 드라이버 초기화 성공 (Headless 모드).
[2025-06-26T20:15:35.663+0000] {logging_mixin.py:188} INFO - URL 접속: https://kr.tradingview.com/markets/stocks-usa/market-movers-gainers/
[2025-06-26T20:15:46.154+0000] {logging_mixin.py:188} INFO - 페이지 소스 파싱 완료.
[2025-06-26T20:15:46.186+0000] {logging_mixin.py:188} INFO - [저장 준비] Symbol: ASTI, Name: ASTI − Ascent Solar Technologies, Inc, Change: 163.52%
[2025-06-26T20:15:46.188+0000] {logging_mixin.py:188} INFO - [저장 준비] Symbol: CYN, Name: CYN − Cyngn Inc., Change: 163.47%
[2025-06-26T20:15:46.189+0000] {logging_mixin.py:188} INFO - [저장 준비] Symbol: LIVE, Name: LIVE − Live Ventures Incorporated, Change: 95.86%
[2025-06-26T20:15:46.191+0000] {logging_mixin.py:188} INFO - [저장 준비] Symbol: WAI, Name: WAI − Top KingWin Ltd, Change: 47.18%
[2025-06-26T20:15:46.192+0000] {logging_mixin.py:188} INFO - [저장 준비] Symbol: QS, Name: QS − QuantumScape Corporation, Change: 35.98%
[2025-06-26T20:15:46.194+0000] {logging_mixin.py:188} INFO - 모든 데이터 저장 완료 및 커밋 성공!
[2025-06-26T20:15:46.318+0000] {logging_mixin.py:188} INFO - Selenium 드라이버 종료.
[2025-06-26T20:15:46.318+0000] {logging_mixin.py:188} INFO - PostgreSQL 커서 닫기.
[2025-06-26T20:15:46.319+0000] {logging_mixin.py:188} INFO - PostgreSQL 연결 닫기.
[2025-06-26T20:15:46.319+0000] {python.py:237} INFO - Done. Returned value was: None
[2025-06-26T20:15:46.320+0000] {taskinstance.py:441} INFO - ::group::Post task execution logs
[2025-06-26T20:15:46.329+0000] {taskinstance.py:1205} INFO - Marking task as SUCCESS. dag_id=tradingview_stock_gainers_hourly_scraper, task_id=scrape_and_save_data, execution_date=20250626T190000, start_date=20250626T201531, end_date=20250626T201546
[2025-06-26T20:15:46.373+0000] {local_task_job_runner.py:240} INFO - Task exited with return code 0
[2025-06-26T20:15:46.386+0000] {taskinstance.py:3482} INFO - 0 downstream tasks scheduled from follow-on schedule check
[2025-06-26T20:15:46.387+0000] {local_task_job_runner.py:222} INFO - ::endgroup::
[2025-06-26T20:23:59.979+0000] {local_task_job_runner.py:120} INFO - ::group::Pre task execution logs
[2025-06-26T20:24:00.002+0000] {taskinstance.py:2073} INFO - Dependencies all met for dep_context=non-requeueable deps ti=<TaskInstance: tradingview_stock_gainers_hourly_scraper.scrape_and_save_data scheduled__2025-06-26T19:00:00+00:00 [queued]>
[2025-06-26T20:24:00.013+0000] {taskinstance.py:2073} INFO - Dependencies all met for dep_context=requeueable deps ti=<TaskInstance: tradingview_stock_gainers_hourly_scraper.scrape_and_save_data scheduled__2025-06-26T19:00:00+00:00 [queued]>
[2025-06-26T20:24:00.014+0000] {taskinstance.py:2303} INFO - Starting attempt 1 of 4
[2025-06-26T20:24:00.025+0000] {taskinstance.py:2327} INFO - Executing <Task(PythonOperator): scrape_and_save_data> on 2025-06-26 19:00:00+00:00
[2025-06-26T20:24:00.030+0000] {standard_task_runner.py:63} INFO - Started process 3430 to run task
[2025-06-26T20:24:00.035+0000] {standard_task_runner.py:90} INFO - Running: ['***', 'tasks', 'run', 'tradingview_stock_gainers_hourly_scraper', 'scrape_and_save_data', 'scheduled__2025-06-26T19:00:00+00:00', '--job-id', '34', '--raw', '--subdir', 'DAGS_FOLDER/tradingview_scraper_dag.py', '--cfg-path', '/tmp/tmpt8kay4b9']
[2025-06-26T20:24:00.039+0000] {standard_task_runner.py:91} INFO - Job 34: Subtask scrape_and_save_data
[2025-06-26T20:24:00.051+0000] {warnings.py:109} WARNING - /home/***/.local/lib/python3.10/site-packages/***/settings.py:195: DeprecationWarning: The sql_alchemy_conn option in [core] has been moved to the sql_alchemy_conn option in [database] - the old setting has been used, but please update your config.
  SQL_ALCHEMY_CONN = conf.get("database", "SQL_ALCHEMY_CONN")

[2025-06-26T20:24:00.095+0000] {task_command.py:426} INFO - Running <TaskInstance: tradingview_stock_gainers_hourly_scraper.scrape_and_save_data scheduled__2025-06-26T19:00:00+00:00 [running]> on host 28caf1b6b575
[2025-06-26T20:24:00.187+0000] {taskinstance.py:2644} INFO - Exporting env vars: AIRFLOW_CTX_DAG_OWNER='***' AIRFLOW_CTX_DAG_ID='tradingview_stock_gainers_hourly_scraper' AIRFLOW_CTX_TASK_ID='scrape_and_save_data' AIRFLOW_CTX_EXECUTION_DATE='2025-06-26T19:00:00+00:00' AIRFLOW_CTX_TRY_NUMBER='1' AIRFLOW_CTX_DAG_RUN_ID='scheduled__2025-06-26T19:00:00+00:00'
[2025-06-26T20:24:00.188+0000] {taskinstance.py:430} INFO - ::endgroup::
[2025-06-26T20:24:00.204+0000] {logging_mixin.py:188} INFO - 스크래핑 및 데이터 저장 작업을 시작합니다...
[2025-06-26T20:24:00.315+0000] {logging_mixin.py:188} INFO - PostgreSQL 연결 성공!
[2025-06-26T20:24:00.323+0000] {logging_mixin.py:188} INFO - 테이블 존재 여부 확인 및 생성 완료.
[2025-06-26T20:24:00.687+0000] {logging_mixin.py:188} INFO - Selenium Chrome 드라이버 초기화 성공 (Headless 모드).
[2025-06-26T20:24:02.589+0000] {logging_mixin.py:188} INFO - URL 접속: https://kr.tradingview.com/markets/stocks-usa/market-movers-gainers/
[2025-06-26T20:24:13.396+0000] {logging_mixin.py:188} INFO - 페이지 소스 파싱 완료.
[2025-06-26T20:24:13.436+0000] {logging_mixin.py:188} INFO - [저장 준비] Symbol: CYN, Name: CYN − Cyngn Inc., Change: 173.35%
[2025-06-26T20:24:13.439+0000] {logging_mixin.py:188} INFO - [저장 준비] Symbol: ASTI, Name: ASTI − Ascent Solar Technologies, Inc, Change: 148.06%
[2025-06-26T20:24:13.442+0000] {logging_mixin.py:188} INFO - [저장 준비] Symbol: LIVE, Name: LIVE − Live Ventures Incorporated, Change: 97.63%
[2025-06-26T20:24:13.445+0000] {logging_mixin.py:188} INFO - [저장 준비] Symbol: WAI, Name: WAI − Top KingWin Ltd, Change: 54.38%
[2025-06-26T20:24:13.447+0000] {logging_mixin.py:188} INFO - [저장 준비] Symbol: QS, Name: QS − QuantumScape Corporation, Change: 35.19%
[2025-06-26T20:24:13.451+0000] {logging_mixin.py:188} INFO - 모든 데이터 저장 완료 및 커밋 성공!
[2025-06-26T20:24:13.598+0000] {logging_mixin.py:188} INFO - Selenium 드라이버 종료.
[2025-06-26T20:24:13.599+0000] {logging_mixin.py:188} INFO - PostgreSQL 커서 닫기.
[2025-06-26T20:24:13.600+0000] {logging_mixin.py:188} INFO - PostgreSQL 연결 닫기.
[2025-06-26T20:24:13.601+0000] {python.py:237} INFO - Done. Returned value was: None
[2025-06-26T20:24:13.602+0000] {taskinstance.py:441} INFO - ::group::Post task execution logs
[2025-06-26T20:24:13.618+0000] {taskinstance.py:1205} INFO - Marking task as SUCCESS. dag_id=tradingview_stock_gainers_hourly_scraper, task_id=scrape_and_save_data, execution_date=20250626T190000, start_date=20250626T202400, end_date=20250626T202413
[2025-06-26T20:24:13.677+0000] {local_task_job_runner.py:240} INFO - Task exited with return code 0
[2025-06-26T20:24:13.705+0000] {taskinstance.py:3482} INFO - 0 downstream tasks scheduled from follow-on schedule check
[2025-06-26T20:24:13.709+0000] {local_task_job_runner.py:222} INFO - ::endgroup::
