[2025-09-04T05:15:34.217+0000] {local_task_job_runner.py:120} INFO - ::group::Pre task execution logs
[2025-09-04T05:15:34.247+0000] {taskinstance.py:2073} INFO - Dependencies all met for dep_context=non-requeueable deps ti=<TaskInstance: tradingview_stock_gainers_hourly_scraper.scrape_and_save_data scheduled__2025-09-04T04:00:00+00:00 [queued]>
[2025-09-04T05:15:34.257+0000] {taskinstance.py:2073} INFO - Dependencies all met for dep_context=requeueable deps ti=<TaskInstance: tradingview_stock_gainers_hourly_scraper.scrape_and_save_data scheduled__2025-09-04T04:00:00+00:00 [queued]>
[2025-09-04T05:15:34.259+0000] {taskinstance.py:2303} INFO - Starting attempt 1 of 4
[2025-09-04T05:15:34.275+0000] {taskinstance.py:2327} INFO - Executing <Task(PythonOperator): scrape_and_save_data> on 2025-09-04 04:00:00+00:00
[2025-09-04T05:15:34.285+0000] {standard_task_runner.py:63} INFO - Started process 89 to run task
[2025-09-04T05:15:34.291+0000] {standard_task_runner.py:90} INFO - Running: ['***', 'tasks', 'run', 'tradingview_stock_gainers_hourly_scraper', 'scrape_and_save_data', 'scheduled__2025-09-04T04:00:00+00:00', '--job-id', '155', '--raw', '--subdir', 'DAGS_FOLDER/tradingview_scraper_dag.py', '--cfg-path', '/tmp/tmpcq5kfjql']
[2025-09-04T05:15:34.298+0000] {standard_task_runner.py:91} INFO - Job 155: Subtask scrape_and_save_data
[2025-09-04T05:15:34.321+0000] {warnings.py:109} WARNING - /home/***/.local/lib/python3.10/site-packages/***/settings.py:195: DeprecationWarning: The sql_alchemy_conn option in [core] has been moved to the sql_alchemy_conn option in [database] - the old setting has been used, but please update your config.
  SQL_ALCHEMY_CONN = conf.get("database", "SQL_ALCHEMY_CONN")

[2025-09-04T05:15:34.373+0000] {task_command.py:426} INFO - Running <TaskInstance: tradingview_stock_gainers_hourly_scraper.scrape_and_save_data scheduled__2025-09-04T04:00:00+00:00 [running]> on host 587fd9f597ce
[2025-09-04T05:15:34.481+0000] {taskinstance.py:2644} INFO - Exporting env vars: AIRFLOW_CTX_DAG_OWNER='***' AIRFLOW_CTX_DAG_ID='tradingview_stock_gainers_hourly_scraper' AIRFLOW_CTX_TASK_ID='scrape_and_save_data' AIRFLOW_CTX_EXECUTION_DATE='2025-09-04T04:00:00+00:00' AIRFLOW_CTX_TRY_NUMBER='1' AIRFLOW_CTX_DAG_RUN_ID='scheduled__2025-09-04T04:00:00+00:00'
[2025-09-04T05:15:34.484+0000] {taskinstance.py:430} INFO - ::endgroup::
[2025-09-04T05:15:34.502+0000] {logging_mixin.py:188} INFO - 스크래핑 및 데이터 저장 작업을 시작합니다...
[2025-09-04T05:15:34.509+0000] {logging_mixin.py:188} INFO - PostgreSQL 연결 성공!
[2025-09-04T05:15:34.515+0000] {logging_mixin.py:188} INFO - 테이블 존재 여부 확인 및 생성 완료.
[2025-09-04T05:15:36.077+0000] {logging_mixin.py:188} INFO - Selenium Chrome 드라이버 초기화 성공 (Headless 모드).
[2025-09-04T05:15:39.679+0000] {logging_mixin.py:188} INFO - URL 접속: https://kr.tradingview.com/markets/stocks-usa/market-movers-gainers/
[2025-09-04T05:15:50.374+0000] {logging_mixin.py:188} INFO - 페이지 소스 파싱 완료.
[2025-09-04T05:15:50.425+0000] {logging_mixin.py:188} INFO - [저장 준비] Symbol: STI, Name: STI − Solidion Technology, Inc., Change: 113.72%
[2025-09-04T05:15:50.428+0000] {logging_mixin.py:188} INFO - [저장 준비] Symbol: BTBD, Name: BTBD − BT Brands, Inc., Change: 63.78%
[2025-09-04T05:15:50.429+0000] {logging_mixin.py:188} INFO - [저장 준비] Symbol: AIHS, Name: AIHS − Senmiao Technology Limited, Change: 61.25%
[2025-09-04T05:15:50.430+0000] {logging_mixin.py:188} INFO - [저장 준비] Symbol: ROMA, Name: ROMA − Roma Green Finance Limited, Change: 38.83%
[2025-09-04T05:15:50.432+0000] {logging_mixin.py:188} INFO - [저장 준비] Symbol: LCFY, Name: LCFY − Locafy Limited, Change: 38.08%
[2025-09-04T05:15:50.434+0000] {logging_mixin.py:188} INFO - 모든 데이터 저장 완료 및 커밋 성공!
[2025-09-04T05:15:50.561+0000] {logging_mixin.py:188} INFO - Selenium 드라이버 종료.
[2025-09-04T05:15:50.561+0000] {logging_mixin.py:188} INFO - PostgreSQL 커서 닫기.
[2025-09-04T05:15:50.563+0000] {logging_mixin.py:188} INFO - PostgreSQL 연결 닫기.
[2025-09-04T05:15:50.563+0000] {python.py:237} INFO - Done. Returned value was: None
[2025-09-04T05:15:50.565+0000] {taskinstance.py:441} INFO - ::group::Post task execution logs
[2025-09-04T05:15:50.579+0000] {taskinstance.py:1205} INFO - Marking task as SUCCESS. dag_id=tradingview_stock_gainers_hourly_scraper, task_id=scrape_and_save_data, execution_date=20250904T040000, start_date=20250904T051534, end_date=20250904T051550
[2025-09-04T05:15:50.648+0000] {local_task_job_runner.py:240} INFO - Task exited with return code 0
[2025-09-04T05:15:50.672+0000] {taskinstance.py:3482} INFO - 0 downstream tasks scheduled from follow-on schedule check
[2025-09-04T05:15:50.675+0000] {local_task_job_runner.py:222} INFO - ::endgroup::
