[2025-08-19T07:06:51.404+0000] {local_task_job_runner.py:120} INFO - ::group::Pre task execution logs
[2025-08-19T07:06:51.429+0000] {taskinstance.py:2073} INFO - Dependencies all met for dep_context=non-requeueable deps ti=<TaskInstance: tradingview_stock_gainers_hourly_scraper.scrape_and_save_data scheduled__2025-08-19T06:00:00+00:00 [queued]>
[2025-08-19T07:06:51.445+0000] {taskinstance.py:2073} INFO - Dependencies all met for dep_context=requeueable deps ti=<TaskInstance: tradingview_stock_gainers_hourly_scraper.scrape_and_save_data scheduled__2025-08-19T06:00:00+00:00 [queued]>
[2025-08-19T07:06:51.446+0000] {taskinstance.py:2303} INFO - Starting attempt 1 of 4
[2025-08-19T07:06:51.461+0000] {taskinstance.py:2327} INFO - Executing <Task(PythonOperator): scrape_and_save_data> on 2025-08-19 06:00:00+00:00
[2025-08-19T07:06:51.477+0000] {standard_task_runner.py:63} INFO - Started process 79 to run task
[2025-08-19T07:06:51.496+0000] {standard_task_runner.py:90} INFO - Running: ['***', 'tasks', 'run', 'tradingview_stock_gainers_hourly_scraper', 'scrape_and_save_data', 'scheduled__2025-08-19T06:00:00+00:00', '--job-id', '96', '--raw', '--subdir', 'DAGS_FOLDER/tradingview_scraper_dag.py', '--cfg-path', '/tmp/tmpygxv6nic']
[2025-08-19T07:06:51.510+0000] {standard_task_runner.py:91} INFO - Job 96: Subtask scrape_and_save_data
[2025-08-19T07:06:51.535+0000] {warnings.py:109} WARNING - /home/***/.local/lib/python3.10/site-packages/***/settings.py:195: DeprecationWarning: The sql_alchemy_conn option in [core] has been moved to the sql_alchemy_conn option in [database] - the old setting has been used, but please update your config.
  SQL_ALCHEMY_CONN = conf.get("database", "SQL_ALCHEMY_CONN")

[2025-08-19T07:06:51.628+0000] {task_command.py:426} INFO - Running <TaskInstance: tradingview_stock_gainers_hourly_scraper.scrape_and_save_data scheduled__2025-08-19T06:00:00+00:00 [running]> on host 587fd9f597ce
[2025-08-19T07:06:52.305+0000] {taskinstance.py:2644} INFO - Exporting env vars: AIRFLOW_CTX_DAG_OWNER='***' AIRFLOW_CTX_DAG_ID='tradingview_stock_gainers_hourly_scraper' AIRFLOW_CTX_TASK_ID='scrape_and_save_data' AIRFLOW_CTX_EXECUTION_DATE='2025-08-19T06:00:00+00:00' AIRFLOW_CTX_TRY_NUMBER='1' AIRFLOW_CTX_DAG_RUN_ID='scheduled__2025-08-19T06:00:00+00:00'
[2025-08-19T07:06:52.307+0000] {taskinstance.py:430} INFO - ::endgroup::
[2025-08-19T07:06:52.338+0000] {logging_mixin.py:188} INFO - 스크래핑 및 데이터 저장 작업을 시작합니다...
[2025-08-19T07:06:52.343+0000] {logging_mixin.py:188} INFO - PostgreSQL 연결 성공!
[2025-08-19T07:06:52.348+0000] {logging_mixin.py:188} INFO - 테이블 존재 여부 확인 및 생성 완료.
[2025-08-19T07:06:54.461+0000] {logging_mixin.py:188} INFO - Selenium Chrome 드라이버 초기화 성공 (Headless 모드).
[2025-08-19T07:06:57.955+0000] {logging_mixin.py:188} INFO - URL 접속: https://kr.tradingview.com/markets/stocks-usa/market-movers-gainers/
[2025-08-19T07:07:08.293+0000] {logging_mixin.py:188} INFO - 페이지 소스 파싱 완료.
[2025-08-19T07:07:08.337+0000] {logging_mixin.py:188} INFO - [저장 준비] Symbol: PPCB, Name: PPCB − Propanc Biopharma, Inc., Change: 103.83%
[2025-08-19T07:07:08.339+0000] {logging_mixin.py:188} INFO - [저장 준비] Symbol: MB, Name: MB − MasterBeef Group, Change: 80.56%
[2025-08-19T07:07:08.341+0000] {logging_mixin.py:188} INFO - [저장 준비] Symbol: SNGX, Name: SNGX − Soligenix, Inc., Change: 78.42%
[2025-08-19T07:07:08.343+0000] {logging_mixin.py:188} INFO - [저장 준비] Symbol: VTAK, Name: VTAK − Catheter Precision, Inc., Change: 62.84%
[2025-08-19T07:07:08.344+0000] {logging_mixin.py:188} INFO - [저장 준비] Symbol: GDRX, Name: GDRX − GoodRx Holdings, Inc., Change: 37.27%
[2025-08-19T07:07:08.347+0000] {logging_mixin.py:188} INFO - 모든 데이터 저장 완료 및 커밋 성공!
[2025-08-19T07:07:08.429+0000] {logging_mixin.py:188} INFO - Selenium 드라이버 종료.
[2025-08-19T07:07:08.431+0000] {logging_mixin.py:188} INFO - PostgreSQL 커서 닫기.
[2025-08-19T07:07:08.431+0000] {logging_mixin.py:188} INFO - PostgreSQL 연결 닫기.
[2025-08-19T07:07:08.433+0000] {python.py:237} INFO - Done. Returned value was: None
[2025-08-19T07:07:08.434+0000] {taskinstance.py:441} INFO - ::group::Post task execution logs
[2025-08-19T07:07:08.445+0000] {taskinstance.py:1205} INFO - Marking task as SUCCESS. dag_id=tradingview_stock_gainers_hourly_scraper, task_id=scrape_and_save_data, execution_date=20250819T060000, start_date=20250819T070651, end_date=20250819T070708
[2025-08-19T07:07:08.471+0000] {local_task_job_runner.py:240} INFO - Task exited with return code 0
[2025-08-19T07:07:08.501+0000] {taskinstance.py:3482} INFO - 0 downstream tasks scheduled from follow-on schedule check
[2025-08-19T07:07:08.506+0000] {local_task_job_runner.py:222} INFO - ::endgroup::
