[2025-06-26T20:02:26.744+0000] {local_task_job_runner.py:120} INFO - ::group::Pre task execution logs
[2025-06-26T20:02:26.765+0000] {taskinstance.py:2073} INFO - Dependencies all met for dep_context=non-requeueable deps ti=<TaskInstance: tradingview_stock_gainers_hourly_scraper.scrape_and_save_data manual__2025-06-26T20:02:25.974250+00:00 [queued]>
[2025-06-26T20:02:26.772+0000] {taskinstance.py:2073} INFO - Dependencies all met for dep_context=requeueable deps ti=<TaskInstance: tradingview_stock_gainers_hourly_scraper.scrape_and_save_data manual__2025-06-26T20:02:25.974250+00:00 [queued]>
[2025-06-26T20:02:26.773+0000] {taskinstance.py:2303} INFO - Starting attempt 1 of 4
[2025-06-26T20:02:26.784+0000] {taskinstance.py:2327} INFO - Executing <Task(PythonOperator): scrape_and_save_data> on 2025-06-26 20:02:25.974250+00:00
[2025-06-26T20:02:26.789+0000] {standard_task_runner.py:63} INFO - Started process 1111 to run task
[2025-06-26T20:02:26.792+0000] {standard_task_runner.py:90} INFO - Running: ['***', 'tasks', 'run', 'tradingview_stock_gainers_hourly_scraper', 'scrape_and_save_data', 'manual__2025-06-26T20:02:25.974250+00:00', '--job-id', '25', '--raw', '--subdir', 'DAGS_FOLDER/tradingview_scraper_dag.py', '--cfg-path', '/tmp/tmpvcs6_mzl']
[2025-06-26T20:02:26.795+0000] {standard_task_runner.py:91} INFO - Job 25: Subtask scrape_and_save_data
[2025-06-26T20:02:26.810+0000] {warnings.py:109} WARNING - /home/***/.local/lib/python3.10/site-packages/***/settings.py:195: DeprecationWarning: The sql_alchemy_conn option in [core] has been moved to the sql_alchemy_conn option in [database] - the old setting has been used, but please update your config.
  SQL_ALCHEMY_CONN = conf.get("database", "SQL_ALCHEMY_CONN")

[2025-06-26T20:02:26.839+0000] {task_command.py:426} INFO - Running <TaskInstance: tradingview_stock_gainers_hourly_scraper.scrape_and_save_data manual__2025-06-26T20:02:25.974250+00:00 [running]> on host 28caf1b6b575
[2025-06-26T20:02:26.915+0000] {taskinstance.py:2644} INFO - Exporting env vars: AIRFLOW_CTX_DAG_OWNER='***' AIRFLOW_CTX_DAG_ID='tradingview_stock_gainers_hourly_scraper' AIRFLOW_CTX_TASK_ID='scrape_and_save_data' AIRFLOW_CTX_EXECUTION_DATE='2025-06-26T20:02:25.974250+00:00' AIRFLOW_CTX_TRY_NUMBER='1' AIRFLOW_CTX_DAG_RUN_ID='manual__2025-06-26T20:02:25.974250+00:00'
[2025-06-26T20:02:26.916+0000] {taskinstance.py:430} INFO - ::endgroup::
[2025-06-26T20:02:26.926+0000] {logging_mixin.py:188} INFO - 스크래핑 및 데이터 저장 작업을 시작합니다...
[2025-06-26T20:02:26.993+0000] {logging_mixin.py:188} INFO - PostgreSQL 연결 성공!
[2025-06-26T20:02:26.998+0000] {logging_mixin.py:188} INFO - 테이블 존재 여부 확인 및 생성 완료.
[2025-06-26T20:02:27.292+0000] {logging_mixin.py:188} INFO - Selenium Chrome 드라이버 초기화 성공 (Headless 모드).
[2025-06-26T20:02:29.309+0000] {logging_mixin.py:188} INFO - URL 접속: https://kr.tradingview.com/markets/stocks-usa/market-movers-gainers/
[2025-06-26T20:02:42.189+0000] {logging_mixin.py:188} INFO - 페이지 소스 파싱 완료.
[2025-06-26T20:02:42.223+0000] {logging_mixin.py:188} INFO - [저장 준비] Symbol: CYN, Name: CYN − Cyngn Inc., Change: 182.44%
[2025-06-26T20:02:42.226+0000] {logging_mixin.py:188} INFO - [저장 준비] Symbol: ASTI, Name: ASTI − Ascent Solar Technologies, Inc, Change: 141.19%
[2025-06-26T20:02:42.228+0000] {logging_mixin.py:188} INFO - [저장 준비] Symbol: LIVE, Name: LIVE − Live Ventures Incorporated, Change: 94.14%
[2025-06-26T20:02:42.230+0000] {logging_mixin.py:188} INFO - [저장 준비] Symbol: WAI, Name: WAI − Top KingWin Ltd, Change: 49.23%
[2025-06-26T20:02:42.233+0000] {logging_mixin.py:188} INFO - [저장 준비] Symbol: CORZ, Name: CORZ − Core Scientific, Inc., Change: 35.69%
[2025-06-26T20:02:42.235+0000] {logging_mixin.py:188} INFO - 모든 데이터 저장 완료 및 커밋 성공!
[2025-06-26T20:02:42.312+0000] {logging_mixin.py:188} INFO - Selenium 드라이버 종료.
[2025-06-26T20:02:42.313+0000] {logging_mixin.py:188} INFO - PostgreSQL 커서 닫기.
[2025-06-26T20:02:42.314+0000] {logging_mixin.py:188} INFO - PostgreSQL 연결 닫기.
[2025-06-26T20:02:42.315+0000] {python.py:237} INFO - Done. Returned value was: None
[2025-06-26T20:02:42.315+0000] {taskinstance.py:441} INFO - ::group::Post task execution logs
[2025-06-26T20:02:42.327+0000] {taskinstance.py:1205} INFO - Marking task as SUCCESS. dag_id=tradingview_stock_gainers_hourly_scraper, task_id=scrape_and_save_data, execution_date=20250626T200225, start_date=20250626T200226, end_date=20250626T200242
[2025-06-26T20:02:42.361+0000] {local_task_job_runner.py:240} INFO - Task exited with return code 0
[2025-06-26T20:02:42.379+0000] {taskinstance.py:3482} INFO - 0 downstream tasks scheduled from follow-on schedule check
[2025-06-26T20:02:42.381+0000] {local_task_job_runner.py:222} INFO - ::endgroup::
