[2025-06-27T17:56:58.373+0000] {local_task_job_runner.py:120} INFO - ::group::Pre task execution logs
[2025-06-27T17:56:58.390+0000] {taskinstance.py:2073} INFO - Dependencies all met for dep_context=non-requeueable deps ti=<TaskInstance: tradingview_stock_gainers_hourly_scraper.scrape_and_save_data manual__2025-06-27T17:56:57.168711+00:00 [queued]>
[2025-06-27T17:56:58.397+0000] {taskinstance.py:2073} INFO - Dependencies all met for dep_context=requeueable deps ti=<TaskInstance: tradingview_stock_gainers_hourly_scraper.scrape_and_save_data manual__2025-06-27T17:56:57.168711+00:00 [queued]>
[2025-06-27T17:56:58.397+0000] {taskinstance.py:2303} INFO - Starting attempt 1 of 4
[2025-06-27T17:56:58.409+0000] {taskinstance.py:2327} INFO - Executing <Task(PythonOperator): scrape_and_save_data> on 2025-06-27 17:56:57.168711+00:00
[2025-06-27T17:56:58.413+0000] {standard_task_runner.py:63} INFO - Started process 578 to run task
[2025-06-27T17:56:58.416+0000] {standard_task_runner.py:90} INFO - Running: ['***', 'tasks', 'run', 'tradingview_stock_gainers_hourly_scraper', 'scrape_and_save_data', 'manual__2025-06-27T17:56:57.168711+00:00', '--job-id', '45', '--raw', '--subdir', 'DAGS_FOLDER/tradingview_scraper_dag.py', '--cfg-path', '/tmp/tmpkfe9_6jy']
[2025-06-27T17:56:58.419+0000] {standard_task_runner.py:91} INFO - Job 45: Subtask scrape_and_save_data
[2025-06-27T17:56:58.433+0000] {warnings.py:109} WARNING - /home/***/.local/lib/python3.10/site-packages/***/settings.py:195: DeprecationWarning: The sql_alchemy_conn option in [core] has been moved to the sql_alchemy_conn option in [database] - the old setting has been used, but please update your config.
  SQL_ALCHEMY_CONN = conf.get("database", "SQL_ALCHEMY_CONN")

[2025-06-27T17:56:58.464+0000] {task_command.py:426} INFO - Running <TaskInstance: tradingview_stock_gainers_hourly_scraper.scrape_and_save_data manual__2025-06-27T17:56:57.168711+00:00 [running]> on host ce384e780395
[2025-06-27T17:56:58.550+0000] {taskinstance.py:2644} INFO - Exporting env vars: AIRFLOW_CTX_DAG_OWNER='***' AIRFLOW_CTX_DAG_ID='tradingview_stock_gainers_hourly_scraper' AIRFLOW_CTX_TASK_ID='scrape_and_save_data' AIRFLOW_CTX_EXECUTION_DATE='2025-06-27T17:56:57.168711+00:00' AIRFLOW_CTX_TRY_NUMBER='1' AIRFLOW_CTX_DAG_RUN_ID='manual__2025-06-27T17:56:57.168711+00:00'
[2025-06-27T17:56:58.551+0000] {taskinstance.py:430} INFO - ::endgroup::
[2025-06-27T17:56:58.567+0000] {logging_mixin.py:188} INFO - 스크래핑 및 데이터 저장 작업을 시작합니다...
[2025-06-27T17:56:58.571+0000] {logging_mixin.py:188} INFO - PostgreSQL 연결 성공!
[2025-06-27T17:56:58.572+0000] {logging_mixin.py:188} INFO - 테이블 존재 여부 확인 및 생성 완료.
[2025-06-27T17:56:58.904+0000] {logging_mixin.py:188} INFO - Selenium Chrome 드라이버 초기화 성공 (Headless 모드).
[2025-06-27T17:57:00.763+0000] {logging_mixin.py:188} INFO - URL 접속: https://kr.tradingview.com/markets/stocks-usa/market-movers-gainers/
[2025-06-27T17:57:11.328+0000] {logging_mixin.py:188} INFO - 페이지 소스 파싱 완료.
[2025-06-27T17:57:11.352+0000] {logging_mixin.py:188} INFO - [저장 준비] Symbol: LCFY, Name: LCFY − Locafy Limited, Change: 221.57%
[2025-06-27T17:57:11.353+0000] {logging_mixin.py:188} INFO - [저장 준비] Symbol: BGL, Name: BGL − Perception Capital Corp. IV, Change: 215.27%
[2025-06-27T17:57:11.354+0000] {logging_mixin.py:188} INFO - [저장 준비] Symbol: RCT, Name: RCT − RedCloud Holdings plc, Change: 156.98%
[2025-06-27T17:57:11.355+0000] {logging_mixin.py:188} INFO - [저장 준비] Symbol: WFF, Name: WFF − WF Holding Limited, Change: 103.77%
[2025-06-27T17:57:11.356+0000] {logging_mixin.py:188} INFO - [저장 준비] Symbol: CTOR, Name: CTOR − Citius Oncology, Inc., Change: 64.86%
[2025-06-27T17:57:11.357+0000] {logging_mixin.py:188} INFO - 모든 데이터 저장 완료 및 커밋 성공!
[2025-06-27T17:57:11.474+0000] {logging_mixin.py:188} INFO - Selenium 드라이버 종료.
[2025-06-27T17:57:11.474+0000] {logging_mixin.py:188} INFO - PostgreSQL 커서 닫기.
[2025-06-27T17:57:11.475+0000] {logging_mixin.py:188} INFO - PostgreSQL 연결 닫기.
[2025-06-27T17:57:11.475+0000] {python.py:237} INFO - Done. Returned value was: None
[2025-06-27T17:57:11.476+0000] {taskinstance.py:441} INFO - ::group::Post task execution logs
[2025-06-27T17:57:11.484+0000] {taskinstance.py:1205} INFO - Marking task as SUCCESS. dag_id=tradingview_stock_gainers_hourly_scraper, task_id=scrape_and_save_data, execution_date=20250627T175657, start_date=20250627T175658, end_date=20250627T175711
[2025-06-27T17:57:11.529+0000] {local_task_job_runner.py:240} INFO - Task exited with return code 0
[2025-06-27T17:57:11.542+0000] {taskinstance.py:3482} INFO - 0 downstream tasks scheduled from follow-on schedule check
[2025-06-27T17:57:11.544+0000] {local_task_job_runner.py:222} INFO - ::endgroup::
