[2025-08-19T09:16:38.106+0000] {local_task_job_runner.py:120} INFO - ::group::Pre task execution logs
[2025-08-19T09:16:38.133+0000] {taskinstance.py:2073} INFO - Dependencies all met for dep_context=non-requeueable deps ti=<TaskInstance: tradingview_stock_gainers_hourly_scraper.scrape_and_save_data scheduled__2025-08-19T08:00:00+00:00 [queued]>
[2025-08-19T09:16:38.144+0000] {taskinstance.py:2073} INFO - Dependencies all met for dep_context=requeueable deps ti=<TaskInstance: tradingview_stock_gainers_hourly_scraper.scrape_and_save_data scheduled__2025-08-19T08:00:00+00:00 [queued]>
[2025-08-19T09:16:38.145+0000] {taskinstance.py:2303} INFO - Starting attempt 1 of 4
[2025-08-19T09:16:38.156+0000] {taskinstance.py:2327} INFO - Executing <Task(PythonOperator): scrape_and_save_data> on 2025-08-19 08:00:00+00:00
[2025-08-19T09:16:38.162+0000] {standard_task_runner.py:63} INFO - Started process 599 to run task
[2025-08-19T09:16:38.172+0000] {standard_task_runner.py:90} INFO - Running: ['***', 'tasks', 'run', 'tradingview_stock_gainers_hourly_scraper', 'scrape_and_save_data', 'scheduled__2025-08-19T08:00:00+00:00', '--job-id', '100', '--raw', '--subdir', 'DAGS_FOLDER/tradingview_scraper_dag.py', '--cfg-path', '/tmp/tmpqlewpp8x']
[2025-08-19T09:16:38.176+0000] {standard_task_runner.py:91} INFO - Job 100: Subtask scrape_and_save_data
[2025-08-19T09:16:38.194+0000] {warnings.py:109} WARNING - /home/***/.local/lib/python3.10/site-packages/***/settings.py:195: DeprecationWarning: The sql_alchemy_conn option in [core] has been moved to the sql_alchemy_conn option in [database] - the old setting has been used, but please update your config.
  SQL_ALCHEMY_CONN = conf.get("database", "SQL_ALCHEMY_CONN")

[2025-08-19T09:16:38.237+0000] {task_command.py:426} INFO - Running <TaskInstance: tradingview_stock_gainers_hourly_scraper.scrape_and_save_data scheduled__2025-08-19T08:00:00+00:00 [running]> on host 587fd9f597ce
[2025-08-19T09:16:38.324+0000] {taskinstance.py:2644} INFO - Exporting env vars: AIRFLOW_CTX_DAG_OWNER='***' AIRFLOW_CTX_DAG_ID='tradingview_stock_gainers_hourly_scraper' AIRFLOW_CTX_TASK_ID='scrape_and_save_data' AIRFLOW_CTX_EXECUTION_DATE='2025-08-19T08:00:00+00:00' AIRFLOW_CTX_TRY_NUMBER='1' AIRFLOW_CTX_DAG_RUN_ID='scheduled__2025-08-19T08:00:00+00:00'
[2025-08-19T09:16:38.326+0000] {taskinstance.py:430} INFO - ::endgroup::
[2025-08-19T09:16:38.343+0000] {logging_mixin.py:188} INFO - 스크래핑 및 데이터 저장 작업을 시작합니다...
[2025-08-19T09:16:38.348+0000] {logging_mixin.py:188} INFO - PostgreSQL 연결 성공!
[2025-08-19T09:16:38.355+0000] {logging_mixin.py:188} INFO - 테이블 존재 여부 확인 및 생성 완료.
[2025-08-19T09:16:39.083+0000] {selenium_manager.py:137} WARNING - Exception managing chrome: error sending request for url (https://googlechromelabs.github.io/chrome-for-testing/known-good-versions-with-downloads.json)
[2025-08-19T09:16:39.084+0000] {selenium_manager.py:137} WARNING - Error sending stats to Plausible: error sending request for url (https://plausible.io/api/event)
[2025-08-19T11:19:24.977+0000] {logging_mixin.py:188} INFO - Selenium Chrome 드라이버 초기화 성공 (Headless 모드).
[2025-08-19T11:19:34.740+0000] {logging_mixin.py:188} INFO - URL 접속: https://kr.tradingview.com/markets/stocks-usa/market-movers-gainers/
