[2025-06-27T16:00:03.758+0000] {local_task_job_runner.py:120} INFO - ::group::Pre task execution logs
[2025-06-27T16:00:03.817+0000] {taskinstance.py:2073} INFO - Dependencies all met for dep_context=non-requeueable deps ti=<TaskInstance: tradingview_stock_gainers_hourly_scraper.scrape_and_save_data scheduled__2025-06-27T15:00:00+00:00 [queued]>
[2025-06-27T16:00:03.839+0000] {taskinstance.py:2073} INFO - Dependencies all met for dep_context=requeueable deps ti=<TaskInstance: tradingview_stock_gainers_hourly_scraper.scrape_and_save_data scheduled__2025-06-27T15:00:00+00:00 [queued]>
[2025-06-27T16:00:03.840+0000] {taskinstance.py:2303} INFO - Starting attempt 1 of 4
[2025-06-27T16:00:03.872+0000] {taskinstance.py:2327} INFO - Executing <Task(PythonOperator): scrape_and_save_data> on 2025-06-27 15:00:00+00:00
[2025-06-27T16:00:03.888+0000] {standard_task_runner.py:63} INFO - Started process 2151 to run task
[2025-06-27T16:00:03.895+0000] {standard_task_runner.py:90} INFO - Running: ['***', 'tasks', 'run', 'tradingview_stock_gainers_hourly_scraper', 'scrape_and_save_data', 'scheduled__2025-06-27T15:00:00+00:00', '--job-id', '6', '--raw', '--subdir', 'DAGS_FOLDER/tradingview_scraper_dag.py', '--cfg-path', '/tmp/tmpfsikphch']
[2025-06-27T16:00:03.901+0000] {standard_task_runner.py:91} INFO - Job 6: Subtask scrape_and_save_data
[2025-06-27T16:00:03.928+0000] {warnings.py:109} WARNING - /home/***/.local/lib/python3.10/site-packages/***/settings.py:195: DeprecationWarning: The sql_alchemy_conn option in [core] has been moved to the sql_alchemy_conn option in [database] - the old setting has been used, but please update your config.
  SQL_ALCHEMY_CONN = conf.get("database", "SQL_ALCHEMY_CONN")

[2025-06-27T16:00:03.992+0000] {task_command.py:426} INFO - Running <TaskInstance: tradingview_stock_gainers_hourly_scraper.scrape_and_save_data scheduled__2025-06-27T15:00:00+00:00 [running]> on host c5186335a4f2
[2025-06-27T16:00:04.177+0000] {taskinstance.py:2644} INFO - Exporting env vars: AIRFLOW_CTX_DAG_OWNER='***' AIRFLOW_CTX_DAG_ID='tradingview_stock_gainers_hourly_scraper' AIRFLOW_CTX_TASK_ID='scrape_and_save_data' AIRFLOW_CTX_EXECUTION_DATE='2025-06-27T15:00:00+00:00' AIRFLOW_CTX_TRY_NUMBER='1' AIRFLOW_CTX_DAG_RUN_ID='scheduled__2025-06-27T15:00:00+00:00'
[2025-06-27T16:00:04.179+0000] {taskinstance.py:430} INFO - ::endgroup::
[2025-06-27T16:00:04.218+0000] {logging_mixin.py:188} INFO - 스크래핑 및 데이터 저장 작업을 시작합니다...
[2025-06-27T16:00:04.361+0000] {logging_mixin.py:188} INFO - PostgreSQL 연결 성공!
[2025-06-27T16:00:04.391+0000] {logging_mixin.py:188} INFO - 테이블 존재 여부 확인 및 생성 완료.
[2025-06-27T16:00:09.434+0000] {logging_mixin.py:188} INFO - Selenium Chrome 드라이버 초기화 성공 (Headless 모드).
[2025-06-27T16:00:16.037+0000] {logging_mixin.py:188} INFO - URL 접속: https://kr.tradingview.com/markets/stocks-usa/market-movers-gainers/
[2025-06-27T16:00:27.588+0000] {logging_mixin.py:188} INFO - 페이지 소스 파싱 완료.
[2025-06-27T16:00:27.672+0000] {logging_mixin.py:188} INFO - [저장 준비] Symbol: BGL, Name: BGL − Perception Capital Corp. IV, Change: 337.79%
[2025-06-27T16:00:27.676+0000] {logging_mixin.py:188} INFO - [저장 준비] Symbol: LCFY, Name: LCFY − Locafy Limited, Change: 319.61%
[2025-06-27T16:00:27.680+0000] {logging_mixin.py:188} INFO - [저장 준비] Symbol: RCT, Name: RCT − RedCloud Holdings plc, Change: 67.6%
[2025-06-27T16:00:27.683+0000] {logging_mixin.py:188} INFO - [저장 준비] Symbol: WFF, Name: WFF − WF Holding Limited, Change: 65.36%
[2025-06-27T16:00:27.687+0000] {logging_mixin.py:188} INFO - [저장 준비] Symbol: INMB, Name: INMB − INmune Bio Inc., Change: 42.91%
[2025-06-27T16:00:27.692+0000] {logging_mixin.py:188} INFO - 모든 데이터 저장 완료 및 커밋 성공!
[2025-06-27T16:00:27.801+0000] {logging_mixin.py:188} INFO - Selenium 드라이버 종료.
[2025-06-27T16:00:27.802+0000] {logging_mixin.py:188} INFO - PostgreSQL 커서 닫기.
[2025-06-27T16:00:27.803+0000] {logging_mixin.py:188} INFO - PostgreSQL 연결 닫기.
[2025-06-27T16:00:27.804+0000] {python.py:237} INFO - Done. Returned value was: None
[2025-06-27T16:00:27.806+0000] {taskinstance.py:441} INFO - ::group::Post task execution logs
[2025-06-27T16:00:27.822+0000] {taskinstance.py:1205} INFO - Marking task as SUCCESS. dag_id=tradingview_stock_gainers_hourly_scraper, task_id=scrape_and_save_data, execution_date=20250627T150000, start_date=20250627T160003, end_date=20250627T160027
[2025-06-27T16:00:27.889+0000] {local_task_job_runner.py:240} INFO - Task exited with return code 0
[2025-06-27T16:00:27.918+0000] {taskinstance.py:3482} INFO - 0 downstream tasks scheduled from follow-on schedule check
[2025-06-27T16:00:27.921+0000] {local_task_job_runner.py:222} INFO - ::endgroup::
