[2025-08-19T07:10:17.202+0000] {local_task_job_runner.py:120} INFO - ::group::Pre task execution logs
[2025-08-19T07:10:17.229+0000] {taskinstance.py:2073} INFO - Dependencies all met for dep_context=non-requeueable deps ti=<TaskInstance: tradingview_stock_gainers_hourly_scraper.scrape_and_save_data manual__2025-08-19T07:10:15.826512+00:00 [queued]>
[2025-08-19T07:10:17.236+0000] {taskinstance.py:2073} INFO - Dependencies all met for dep_context=requeueable deps ti=<TaskInstance: tradingview_stock_gainers_hourly_scraper.scrape_and_save_data manual__2025-08-19T07:10:15.826512+00:00 [queued]>
[2025-08-19T07:10:17.237+0000] {taskinstance.py:2303} INFO - Starting attempt 1 of 4
[2025-08-19T07:10:17.248+0000] {taskinstance.py:2327} INFO - Executing <Task(PythonOperator): scrape_and_save_data> on 2025-08-19 07:10:15.826512+00:00
[2025-08-19T07:10:17.255+0000] {standard_task_runner.py:63} INFO - Started process 388 to run task
[2025-08-19T07:10:17.259+0000] {standard_task_runner.py:90} INFO - Running: ['***', 'tasks', 'run', 'tradingview_stock_gainers_hourly_scraper', 'scrape_and_save_data', 'manual__2025-08-19T07:10:15.826512+00:00', '--job-id', '97', '--raw', '--subdir', 'DAGS_FOLDER/tradingview_scraper_dag.py', '--cfg-path', '/tmp/tmp0u1aydlv']
[2025-08-19T07:10:17.262+0000] {standard_task_runner.py:91} INFO - Job 97: Subtask scrape_and_save_data
[2025-08-19T07:10:17.282+0000] {warnings.py:109} WARNING - /home/***/.local/lib/python3.10/site-packages/***/settings.py:195: DeprecationWarning: The sql_alchemy_conn option in [core] has been moved to the sql_alchemy_conn option in [database] - the old setting has been used, but please update your config.
  SQL_ALCHEMY_CONN = conf.get("database", "SQL_ALCHEMY_CONN")

[2025-08-19T07:10:17.317+0000] {task_command.py:426} INFO - Running <TaskInstance: tradingview_stock_gainers_hourly_scraper.scrape_and_save_data manual__2025-08-19T07:10:15.826512+00:00 [running]> on host 587fd9f597ce
[2025-08-19T07:10:17.402+0000] {taskinstance.py:2644} INFO - Exporting env vars: AIRFLOW_CTX_DAG_OWNER='***' AIRFLOW_CTX_DAG_ID='tradingview_stock_gainers_hourly_scraper' AIRFLOW_CTX_TASK_ID='scrape_and_save_data' AIRFLOW_CTX_EXECUTION_DATE='2025-08-19T07:10:15.826512+00:00' AIRFLOW_CTX_TRY_NUMBER='1' AIRFLOW_CTX_DAG_RUN_ID='manual__2025-08-19T07:10:15.826512+00:00'
[2025-08-19T07:10:17.404+0000] {taskinstance.py:430} INFO - ::endgroup::
[2025-08-19T07:10:17.422+0000] {logging_mixin.py:188} INFO - 스크래핑 및 데이터 저장 작업을 시작합니다...
[2025-08-19T07:10:17.426+0000] {logging_mixin.py:188} INFO - PostgreSQL 연결 성공!
[2025-08-19T07:10:17.427+0000] {logging_mixin.py:188} INFO - 테이블 존재 여부 확인 및 생성 완료.
[2025-08-19T07:10:18.019+0000] {logging_mixin.py:188} INFO - Selenium Chrome 드라이버 초기화 성공 (Headless 모드).
[2025-08-19T07:10:21.927+0000] {logging_mixin.py:188} INFO - URL 접속: https://kr.tradingview.com/markets/stocks-usa/market-movers-gainers/
[2025-08-19T07:10:32.937+0000] {logging_mixin.py:188} INFO - 페이지 소스 파싱 완료.
[2025-08-19T07:10:32.960+0000] {logging_mixin.py:188} INFO - [저장 준비] Symbol: PPCB, Name: PPCB − Propanc Biopharma, Inc., Change: 103.83%
[2025-08-19T07:10:32.963+0000] {logging_mixin.py:188} INFO - [저장 준비] Symbol: MB, Name: MB − MasterBeef Group, Change: 80.56%
[2025-08-19T07:10:32.965+0000] {logging_mixin.py:188} INFO - [저장 준비] Symbol: SNGX, Name: SNGX − Soligenix, Inc., Change: 78.42%
[2025-08-19T07:10:32.965+0000] {logging_mixin.py:188} INFO - [저장 준비] Symbol: VTAK, Name: VTAK − Catheter Precision, Inc., Change: 62.84%
[2025-08-19T07:10:32.967+0000] {logging_mixin.py:188} INFO - [저장 준비] Symbol: GDRX, Name: GDRX − GoodRx Holdings, Inc., Change: 37.27%
[2025-08-19T07:10:32.969+0000] {logging_mixin.py:188} INFO - 모든 데이터 저장 완료 및 커밋 성공!
[2025-08-19T07:10:33.092+0000] {logging_mixin.py:188} INFO - Selenium 드라이버 종료.
[2025-08-19T07:10:33.093+0000] {logging_mixin.py:188} INFO - PostgreSQL 커서 닫기.
[2025-08-19T07:10:33.094+0000] {logging_mixin.py:188} INFO - PostgreSQL 연결 닫기.
[2025-08-19T07:10:33.095+0000] {python.py:237} INFO - Done. Returned value was: None
[2025-08-19T07:10:33.096+0000] {taskinstance.py:441} INFO - ::group::Post task execution logs
[2025-08-19T07:10:33.105+0000] {taskinstance.py:1205} INFO - Marking task as SUCCESS. dag_id=tradingview_stock_gainers_hourly_scraper, task_id=scrape_and_save_data, execution_date=20250819T071015, start_date=20250819T071017, end_date=20250819T071033
[2025-08-19T07:10:33.162+0000] {local_task_job_runner.py:240} INFO - Task exited with return code 0
[2025-08-19T07:10:33.189+0000] {taskinstance.py:3482} INFO - 0 downstream tasks scheduled from follow-on schedule check
[2025-08-19T07:10:33.193+0000] {local_task_job_runner.py:222} INFO - ::endgroup::
