[2025-09-01T06:19:55.774+0000] {local_task_job_runner.py:120} INFO - ::group::Pre task execution logs
[2025-09-01T06:19:55.812+0000] {taskinstance.py:2073} INFO - Dependencies all met for dep_context=non-requeueable deps ti=<TaskInstance: tradingview_stock_gainers_hourly_scraper.scrape_and_save_data scheduled__2025-09-01T05:00:00+00:00 [queued]>
[2025-09-01T06:19:55.823+0000] {taskinstance.py:2073} INFO - Dependencies all met for dep_context=requeueable deps ti=<TaskInstance: tradingview_stock_gainers_hourly_scraper.scrape_and_save_data scheduled__2025-09-01T05:00:00+00:00 [queued]>
[2025-09-01T06:19:55.824+0000] {taskinstance.py:2303} INFO - Starting attempt 1 of 4
[2025-09-01T06:19:55.843+0000] {taskinstance.py:2327} INFO - Executing <Task(PythonOperator): scrape_and_save_data> on 2025-09-01 05:00:00+00:00
[2025-09-01T06:19:55.852+0000] {standard_task_runner.py:63} INFO - Started process 78 to run task
[2025-09-01T06:19:55.855+0000] {standard_task_runner.py:90} INFO - Running: ['***', 'tasks', 'run', 'tradingview_stock_gainers_hourly_scraper', 'scrape_and_save_data', 'scheduled__2025-09-01T05:00:00+00:00', '--job-id', '119', '--raw', '--subdir', 'DAGS_FOLDER/tradingview_scraper_dag.py', '--cfg-path', '/tmp/tmphsq98hb8']
[2025-09-01T06:19:55.861+0000] {standard_task_runner.py:91} INFO - Job 119: Subtask scrape_and_save_data
[2025-09-01T06:19:55.894+0000] {warnings.py:109} WARNING - /home/***/.local/lib/python3.10/site-packages/***/settings.py:195: DeprecationWarning: The sql_alchemy_conn option in [core] has been moved to the sql_alchemy_conn option in [database] - the old setting has been used, but please update your config.
  SQL_ALCHEMY_CONN = conf.get("database", "SQL_ALCHEMY_CONN")

[2025-09-01T06:19:55.963+0000] {task_command.py:426} INFO - Running <TaskInstance: tradingview_stock_gainers_hourly_scraper.scrape_and_save_data scheduled__2025-09-01T05:00:00+00:00 [running]> on host 587fd9f597ce
[2025-09-01T06:19:56.103+0000] {taskinstance.py:2644} INFO - Exporting env vars: AIRFLOW_CTX_DAG_OWNER='***' AIRFLOW_CTX_DAG_ID='tradingview_stock_gainers_hourly_scraper' AIRFLOW_CTX_TASK_ID='scrape_and_save_data' AIRFLOW_CTX_EXECUTION_DATE='2025-09-01T05:00:00+00:00' AIRFLOW_CTX_TRY_NUMBER='1' AIRFLOW_CTX_DAG_RUN_ID='scheduled__2025-09-01T05:00:00+00:00'
[2025-09-01T06:19:56.105+0000] {taskinstance.py:430} INFO - ::endgroup::
[2025-09-01T06:19:56.131+0000] {logging_mixin.py:188} INFO - 스크래핑 및 데이터 저장 작업을 시작합니다...
[2025-09-01T06:19:56.135+0000] {logging_mixin.py:188} INFO - PostgreSQL 연결 성공!
[2025-09-01T06:19:56.141+0000] {logging_mixin.py:188} INFO - 테이블 존재 여부 확인 및 생성 완료.
[2025-09-01T06:20:00.346+0000] {logging_mixin.py:188} INFO - Selenium Chrome 드라이버 초기화 성공 (Headless 모드).
[2025-09-01T06:20:06.561+0000] {logging_mixin.py:188} INFO - URL 접속: https://kr.tradingview.com/markets/stocks-usa/market-movers-gainers/
[2025-09-01T06:20:17.402+0000] {logging_mixin.py:188} INFO - 페이지 소스 파싱 완료.
[2025-09-01T06:20:17.449+0000] {logging_mixin.py:188} INFO - [저장 준비] Symbol: IPDN, Name: IPDN − Professional Diversity Network, Inc., Change: 246.63%
[2025-09-01T06:20:17.452+0000] {logging_mixin.py:188} INFO - [저장 준비] Symbol: DUO, Name: DUO − Fangdd Network Group Ltd., Change: 53.21%
[2025-09-01T06:20:17.454+0000] {logging_mixin.py:188} INFO - [저장 준비] Symbol: NUKK, Name: NUKK − Nukkleus Inc., Change: 31.98%
[2025-09-01T06:20:17.455+0000] {logging_mixin.py:188} INFO - [저장 준비] Symbol: VIVS, Name: VIVS − VivoSim Labs, Inc., Change: 30.48%
[2025-09-01T06:20:17.457+0000] {logging_mixin.py:188} INFO - [저장 준비] Symbol: GVH, Name: GVH − Globavend Holdings Limited - Ord Shares, Change: 28.99%
[2025-09-01T06:20:17.460+0000] {logging_mixin.py:188} INFO - 모든 데이터 저장 완료 및 커밋 성공!
[2025-09-01T06:20:17.591+0000] {logging_mixin.py:188} INFO - Selenium 드라이버 종료.
[2025-09-01T06:20:17.592+0000] {logging_mixin.py:188} INFO - PostgreSQL 커서 닫기.
[2025-09-01T06:20:17.593+0000] {logging_mixin.py:188} INFO - PostgreSQL 연결 닫기.
[2025-09-01T06:20:17.594+0000] {python.py:237} INFO - Done. Returned value was: None
[2025-09-01T06:20:17.596+0000] {taskinstance.py:441} INFO - ::group::Post task execution logs
[2025-09-01T06:20:17.612+0000] {taskinstance.py:1205} INFO - Marking task as SUCCESS. dag_id=tradingview_stock_gainers_hourly_scraper, task_id=scrape_and_save_data, execution_date=20250901T050000, start_date=20250901T061955, end_date=20250901T062017
[2025-09-01T06:20:17.649+0000] {local_task_job_runner.py:240} INFO - Task exited with return code 0
[2025-09-01T06:20:17.671+0000] {taskinstance.py:3482} INFO - 0 downstream tasks scheduled from follow-on schedule check
[2025-09-01T06:20:17.674+0000] {local_task_job_runner.py:222} INFO - ::endgroup::
