[2025-06-26T19:54:43.898+0000] {local_task_job_runner.py:120} INFO - ::group::Pre task execution logs
[2025-06-26T19:54:43.930+0000] {taskinstance.py:2073} INFO - Dependencies all met for dep_context=non-requeueable deps ti=<TaskInstance: tradingview_stock_gainers_hourly_scraper.scrape_and_save_data manual__2025-06-26T19:54:41.854181+00:00 [queued]>
[2025-06-26T19:54:43.946+0000] {taskinstance.py:2073} INFO - Dependencies all met for dep_context=requeueable deps ti=<TaskInstance: tradingview_stock_gainers_hourly_scraper.scrape_and_save_data manual__2025-06-26T19:54:41.854181+00:00 [queued]>
[2025-06-26T19:54:43.947+0000] {taskinstance.py:2303} INFO - Starting attempt 1 of 4
[2025-06-26T19:54:43.970+0000] {taskinstance.py:2327} INFO - Executing <Task(PythonOperator): scrape_and_save_data> on 2025-06-26 19:54:41.854181+00:00
[2025-06-26T19:54:43.978+0000] {standard_task_runner.py:63} INFO - Started process 166 to run task
[2025-06-26T19:54:43.989+0000] {standard_task_runner.py:90} INFO - Running: ['***', 'tasks', 'run', 'tradingview_stock_gainers_hourly_scraper', 'scrape_and_save_data', 'manual__2025-06-26T19:54:41.854181+00:00', '--job-id', '22', '--raw', '--subdir', 'DAGS_FOLDER/tradingview_scraper_dag.py', '--cfg-path', '/tmp/tmp_00vyqs6']
[2025-06-26T19:54:44.003+0000] {standard_task_runner.py:91} INFO - Job 22: Subtask scrape_and_save_data
[2025-06-26T19:54:44.061+0000] {warnings.py:109} WARNING - /home/***/.local/lib/python3.10/site-packages/***/settings.py:195: DeprecationWarning: The sql_alchemy_conn option in [core] has been moved to the sql_alchemy_conn option in [database] - the old setting has been used, but please update your config.
  SQL_ALCHEMY_CONN = conf.get("database", "SQL_ALCHEMY_CONN")

[2025-06-26T19:54:44.147+0000] {task_command.py:426} INFO - Running <TaskInstance: tradingview_stock_gainers_hourly_scraper.scrape_and_save_data manual__2025-06-26T19:54:41.854181+00:00 [running]> on host 28caf1b6b575
[2025-06-26T19:54:44.284+0000] {taskinstance.py:2644} INFO - Exporting env vars: AIRFLOW_CTX_DAG_OWNER='***' AIRFLOW_CTX_DAG_ID='tradingview_stock_gainers_hourly_scraper' AIRFLOW_CTX_TASK_ID='scrape_and_save_data' AIRFLOW_CTX_EXECUTION_DATE='2025-06-26T19:54:41.854181+00:00' AIRFLOW_CTX_TRY_NUMBER='1' AIRFLOW_CTX_DAG_RUN_ID='manual__2025-06-26T19:54:41.854181+00:00'
[2025-06-26T19:54:44.285+0000] {taskinstance.py:430} INFO - ::endgroup::
[2025-06-26T19:54:44.320+0000] {logging_mixin.py:188} INFO - 스크래핑 및 데이터 저장 작업을 시작합니다...
[2025-06-26T19:54:44.417+0000] {logging_mixin.py:188} INFO - PostgreSQL 연결 성공!
[2025-06-26T19:54:44.427+0000] {logging_mixin.py:188} INFO - 테이블 존재 여부 확인 및 생성 완료.
[2025-06-26T19:54:45.240+0000] {logging_mixin.py:188} INFO - Selenium Chrome 드라이버 초기화 성공 (Headless 모드).
[2025-06-26T19:54:47.944+0000] {logging_mixin.py:188} INFO - URL 접속: https://kr.tradingview.com/markets/stocks-usa/market-movers-gainers/
[2025-06-26T19:54:58.656+0000] {logging_mixin.py:188} INFO - 페이지 소스 파싱 완료.
[2025-06-26T19:54:58.692+0000] {logging_mixin.py:188} INFO - [저장 준비] Symbol: CYN, Name: CYN − Cyngn Inc., Change: 169.66%
[2025-06-26T19:54:58.695+0000] {logging_mixin.py:188} INFO - [저장 준비] Symbol: ASTI, Name: ASTI − Ascent Solar Technologies, Inc, Change: 134.33%
[2025-06-26T19:54:58.697+0000] {logging_mixin.py:188} INFO - [저장 준비] Symbol: LIVE, Name: LIVE − Live Ventures Incorporated, Change: 95.27%
[2025-06-26T19:54:58.699+0000] {logging_mixin.py:188} INFO - [저장 준비] Symbol: WAI, Name: WAI − Top KingWin Ltd, Change: 55.38%
[2025-06-26T19:54:58.700+0000] {logging_mixin.py:188} INFO - [저장 준비] Symbol: CORZ, Name: CORZ − Core Scientific, Inc., Change: 36.3%
[2025-06-26T19:54:58.703+0000] {logging_mixin.py:188} INFO - 모든 데이터 저장 완료 및 커밋 성공!
[2025-06-26T19:54:58.826+0000] {logging_mixin.py:188} INFO - Selenium 드라이버 종료.
[2025-06-26T19:54:58.827+0000] {logging_mixin.py:188} INFO - PostgreSQL 커서 닫기.
[2025-06-26T19:54:58.828+0000] {logging_mixin.py:188} INFO - PostgreSQL 연결 닫기.
[2025-06-26T19:54:58.828+0000] {python.py:237} INFO - Done. Returned value was: None
[2025-06-26T19:54:58.829+0000] {taskinstance.py:441} INFO - ::group::Post task execution logs
[2025-06-26T19:54:58.839+0000] {taskinstance.py:1205} INFO - Marking task as SUCCESS. dag_id=tradingview_stock_gainers_hourly_scraper, task_id=scrape_and_save_data, execution_date=20250626T195441, start_date=20250626T195443, end_date=20250626T195458
[2025-06-26T19:54:58.868+0000] {local_task_job_runner.py:240} INFO - Task exited with return code 0
[2025-06-26T19:54:58.888+0000] {taskinstance.py:3482} INFO - 0 downstream tasks scheduled from follow-on schedule check
[2025-06-26T19:54:58.891+0000] {local_task_job_runner.py:222} INFO - ::endgroup::
