[2025-08-29T11:57:01.478+0000] {local_task_job_runner.py:120} INFO - ::group::Pre task execution logs
[2025-08-29T11:57:01.509+0000] {taskinstance.py:2073} INFO - Dependencies all met for dep_context=non-requeueable deps ti=<TaskInstance: tradingview_stock_gainers_hourly_scraper.scrape_and_save_data scheduled__2025-08-29T10:00:00+00:00 [queued]>
[2025-08-29T11:57:01.524+0000] {taskinstance.py:2073} INFO - Dependencies all met for dep_context=requeueable deps ti=<TaskInstance: tradingview_stock_gainers_hourly_scraper.scrape_and_save_data scheduled__2025-08-29T10:00:00+00:00 [queued]>
[2025-08-29T11:57:01.525+0000] {taskinstance.py:2303} INFO - Starting attempt 1 of 4
[2025-08-29T11:57:01.545+0000] {taskinstance.py:2327} INFO - Executing <Task(PythonOperator): scrape_and_save_data> on 2025-08-29 10:00:00+00:00
[2025-08-29T11:57:01.551+0000] {standard_task_runner.py:63} INFO - Started process 82 to run task
[2025-08-29T11:57:01.556+0000] {standard_task_runner.py:90} INFO - Running: ['***', 'tasks', 'run', 'tradingview_stock_gainers_hourly_scraper', 'scrape_and_save_data', 'scheduled__2025-08-29T10:00:00+00:00', '--job-id', '107', '--raw', '--subdir', 'DAGS_FOLDER/tradingview_scraper_dag.py', '--cfg-path', '/tmp/tmpwll4ydmf']
[2025-08-29T11:57:01.559+0000] {standard_task_runner.py:91} INFO - Job 107: Subtask scrape_and_save_data
[2025-08-29T11:57:01.584+0000] {warnings.py:109} WARNING - /home/***/.local/lib/python3.10/site-packages/***/settings.py:195: DeprecationWarning: The sql_alchemy_conn option in [core] has been moved to the sql_alchemy_conn option in [database] - the old setting has been used, but please update your config.
  SQL_ALCHEMY_CONN = conf.get("database", "SQL_ALCHEMY_CONN")

[2025-08-29T11:57:01.626+0000] {task_command.py:426} INFO - Running <TaskInstance: tradingview_stock_gainers_hourly_scraper.scrape_and_save_data scheduled__2025-08-29T10:00:00+00:00 [running]> on host 587fd9f597ce
[2025-08-29T11:57:01.748+0000] {taskinstance.py:2644} INFO - Exporting env vars: AIRFLOW_CTX_DAG_OWNER='***' AIRFLOW_CTX_DAG_ID='tradingview_stock_gainers_hourly_scraper' AIRFLOW_CTX_TASK_ID='scrape_and_save_data' AIRFLOW_CTX_EXECUTION_DATE='2025-08-29T10:00:00+00:00' AIRFLOW_CTX_TRY_NUMBER='1' AIRFLOW_CTX_DAG_RUN_ID='scheduled__2025-08-29T10:00:00+00:00'
[2025-08-29T11:57:01.750+0000] {taskinstance.py:430} INFO - ::endgroup::
[2025-08-29T11:57:01.773+0000] {logging_mixin.py:188} INFO - 스크래핑 및 데이터 저장 작업을 시작합니다...
[2025-08-29T11:57:01.779+0000] {logging_mixin.py:188} INFO - PostgreSQL 연결 성공!
[2025-08-29T11:57:01.786+0000] {logging_mixin.py:188} INFO - 테이블 존재 여부 확인 및 생성 완료.
[2025-08-29T11:57:03.646+0000] {logging_mixin.py:188} INFO - Selenium Chrome 드라이버 초기화 성공 (Headless 모드).
[2025-08-29T11:57:07.193+0000] {logging_mixin.py:188} INFO - URL 접속: https://kr.tradingview.com/markets/stocks-usa/market-movers-gainers/
[2025-08-29T11:57:18.239+0000] {logging_mixin.py:188} INFO - 페이지 소스 파싱 완료.
[2025-08-29T11:57:18.303+0000] {logging_mixin.py:188} INFO - [저장 준비] Symbol: EAF, Name: EAF − GrafTech International Ltd., Change: 914.97%
[2025-08-29T11:57:18.306+0000] {logging_mixin.py:188} INFO - [저장 준비] Symbol: SEGG, Name: SEGG − Lottery.com, Inc., Change: 845.09%
[2025-08-29T11:57:18.309+0000] {logging_mixin.py:188} INFO - [저장 준비] Symbol: CWD, Name: CWD − CaliberCos Inc., Change: 162.35%
[2025-08-29T11:57:18.311+0000] {logging_mixin.py:188} INFO - [저장 준비] Symbol: OPAD, Name: OPAD − Offerpad Solutions Inc., Change: 85.42%
[2025-08-29T11:57:18.313+0000] {logging_mixin.py:188} INFO - [저장 준비] Symbol: AGFY, Name: AGFY − Agrify Corporation, Change: 50.33%
[2025-08-29T11:57:18.316+0000] {logging_mixin.py:188} INFO - 모든 데이터 저장 완료 및 커밋 성공!
[2025-08-29T11:57:18.463+0000] {logging_mixin.py:188} INFO - Selenium 드라이버 종료.
[2025-08-29T11:57:18.465+0000] {logging_mixin.py:188} INFO - PostgreSQL 커서 닫기.
[2025-08-29T11:57:18.466+0000] {logging_mixin.py:188} INFO - PostgreSQL 연결 닫기.
[2025-08-29T11:57:18.468+0000] {python.py:237} INFO - Done. Returned value was: None
[2025-08-29T11:57:18.469+0000] {taskinstance.py:441} INFO - ::group::Post task execution logs
[2025-08-29T11:57:18.485+0000] {taskinstance.py:1205} INFO - Marking task as SUCCESS. dag_id=tradingview_stock_gainers_hourly_scraper, task_id=scrape_and_save_data, execution_date=20250829T100000, start_date=20250829T115701, end_date=20250829T115718
[2025-08-29T11:57:18.531+0000] {local_task_job_runner.py:240} INFO - Task exited with return code 0
[2025-08-29T11:57:18.557+0000] {taskinstance.py:3482} INFO - 0 downstream tasks scheduled from follow-on schedule check
[2025-08-29T11:57:18.561+0000] {local_task_job_runner.py:222} INFO - ::endgroup::
